<?xml version="1.0" encoding="UTF-8"?>

<!-- generated on Fri Mar 30 03:50:30 2018 by SUMO Version 0.32.0
<?xml version="1.0" encoding="UTF-8"?>

<configuration xmlns:xsi="http://www.w3.org/2001/XMLSchema-instance" xsi:noNamespaceSchemaLocation="http://sumo.dlr.de/xsd/sumoConfiguration.xsd">

    <input>
        <net-file value="data/single/cross.net.xml"/>
        <route-files value="data/single/cross.rou.xml"/>
        <additional-files value="data/single/cross.det.xml,data/single/cross.det2.xml"/>
    </input>

    <output>
        <tripinfo-output value="dql_episode19_tripinfo.xml"/>
    </output>

    <time>
        <begin value="0"/>
    </time>

    <report>
        <verbose value="true"/>
        <error-log value="errors"/>
        <no-step-log value="true"/>
    </report>

    <traci_server>
        <remote-port value="54921"/>
    </traci_server>

</configuration>
-->

<detector xmlns:xsi="http://www.w3.org/2001/XMLSchema-instance" xsi:noNamespaceSchemaLocation="http://sumo.dlr.de/xsd/det_e1_file.xsd">
    <interval begin="0.00" end="30.00" id="0" nVehContrib="0" flow="0.00" occupancy="0.00" speed="-1.00" length="-1.00" nVehEntered="0"/>
    <interval begin="30.00" end="60.00" id="0" nVehContrib="1" flow="120.00" occupancy="1.02" speed="16.40" length="5.00" nVehEntered="1"/>
    <interval begin="60.00" end="90.00" id="0" nVehContrib="3" flow="360.00" occupancy="3.42" speed="14.72" length="5.00" nVehEntered="3"/>
    <interval begin="90.00" end="120.00" id="0" nVehContrib="2" flow="240.00" occupancy="2.29" speed="14.55" length="5.00" nVehEntered="2"/>
    <interval begin="120.00" end="150.00" id="0" nVehContrib="3" flow="360.00" occupancy="3.71" speed="13.62" length="5.00" nVehEntered="3"/>
    <interval begin="150.00" end="180.00" id="0" nVehContrib="2" flow="240.00" occupancy="2.84" speed="11.81" length="5.00" nVehEntered="2"/>
    <interval begin="180.00" end="210.00" id="0" nVehContrib="1" flow="120.00" occupancy="1.16" speed="14.38" length="5.00" nVehEntered="1"/>
    <interval begin="210.00" end="240.00" id="0" nVehContrib="3" flow="360.00" occupancy="6.31" speed="9.08" length="5.00" nVehEntered="3"/>
    <interval begin="240.00" end="270.00" id="0" nVehContrib="2" flow="240.00" occupancy="2.91" speed="11.60" length="5.00" nVehEntered="2"/>
    <interval begin="270.00" end="300.00" id="0" nVehContrib="3" flow="360.00" occupancy="5.56" speed="10.56" length="5.00" nVehEntered="3"/>
    <interval begin="300.00" end="330.00" id="0" nVehContrib="2" flow="240.00" occupancy="9.22" speed="8.15" length="5.00" nVehEntered="3"/>
    <interval begin="330.00" end="360.00" id="0" nVehContrib="4" flow="480.00" occupancy="7.89" speed="12.74" length="5.00" nVehEntered="3"/>
    <interval begin="360.00" end="390.00" id="0" nVehContrib="3" flow="360.00" occupancy="5.98" speed="9.92" length="5.00" nVehEntered="3"/>
    <interval begin="390.00" end="420.00" id="0" nVehContrib="5" flow="600.00" occupancy="21.94" speed="6.74" length="5.00" nVehEntered="5"/>
    <interval begin="420.00" end="450.00" id="0" nVehContrib="3" flow="360.00" occupancy="5.39" speed="10.47" length="5.00" nVehEntered="3"/>
    <interval begin="450.00" end="480.00" id="0" nVehContrib="4" flow="480.00" occupancy="26.92" speed="6.14" length="5.00" nVehEntered="4"/>
    <interval begin="480.00" end="510.00" id="0" nVehContrib="4" flow="480.00" occupancy="6.94" speed="11.04" length="5.00" nVehEntered="4"/>
    <interval begin="510.00" end="540.00" id="0" nVehContrib="7" flow="840.00" occupancy="25.21" speed="9.10" length="5.00" nVehEntered="7"/>
    <interval begin="540.00" end="570.00" id="0" nVehContrib="4" flow="480.00" occupancy="4.45" speed="15.12" length="5.00" nVehEntered="4"/>
    <interval begin="570.00" end="600.00" id="0" nVehContrib="0" flow="0.00" occupancy="0.00" speed="-1.00" length="-1.00" nVehEntered="0"/>
    <interval begin="600.00" end="630.00" id="0" nVehContrib="2" flow="240.00" occupancy="2.63" speed="13.35" length="5.00" nVehEntered="2"/>
    <interval begin="630.00" end="660.00" id="0" nVehContrib="2" flow="240.00" occupancy="2.56" speed="13.23" length="5.00" nVehEntered="2"/>
    <interval begin="660.00" end="690.00" id="0" nVehContrib="3" flow="360.00" occupancy="4.75" speed="10.54" length="5.00" nVehEntered="3"/>
    <interval begin="690.00" end="720.00" id="0" nVehContrib="0" flow="0.00" occupancy="0.00" speed="-1.00" length="-1.00" nVehEntered="0"/>
    <interval begin="720.00" end="750.00" id="0" nVehContrib="6" flow="720.00" occupancy="8.85" speed="13.03" length="5.00" nVehEntered="6"/>
    <interval begin="750.00" end="780.00" id="0" nVehContrib="3" flow="360.00" occupancy="5.92" speed="9.47" length="5.00" nVehEntered="3"/>
    <interval begin="780.00" end="810.00" id="0" nVehContrib="3" flow="360.00" occupancy="12.21" speed="4.71" length="5.00" nVehEntered="3"/>
    <interval begin="810.00" end="840.00" id="0" nVehContrib="3" flow="360.00" occupancy="18.94" speed="3.16" length="5.00" nVehEntered="3"/>
    <interval begin="840.00" end="870.00" id="0" nVehContrib="0" flow="0.00" occupancy="0.00" speed="-1.00" length="-1.00" nVehEntered="0"/>
    <interval begin="870.00" end="900.00" id="0" nVehContrib="4" flow="480.00" occupancy="25.57" speed="3.32" length="5.00" nVehEntered="5"/>
    <interval begin="900.00" end="930.00" id="0" nVehContrib="5" flow="600.00" occupancy="9.93" speed="8.36" length="5.00" nVehEntered="4"/>
    <interval begin="930.00" end="960.00" id="0" nVehContrib="5" flow="600.00" occupancy="6.15" speed="14.05" length="5.00" nVehEntered="5"/>
    <interval begin="960.00" end="990.00" id="0" nVehContrib="3" flow="360.00" occupancy="4.00" speed="12.82" length="5.00" nVehEntered="3"/>
    <interval begin="990.00" end="1020.00" id="0" nVehContrib="2" flow="240.00" occupancy="15.92" speed="3.39" length="5.00" nVehEntered="3"/>
    <interval begin="1020.00" end="1050.00" id="0" nVehContrib="2" flow="240.00" occupancy="6.26" speed="4.45" length="5.00" nVehEntered="1"/>
    <interval begin="1050.00" end="1080.00" id="0" nVehContrib="5" flow="600.00" occupancy="23.57" speed="5.46" length="5.00" nVehEntered="5"/>
    <interval begin="1080.00" end="1110.00" id="0" nVehContrib="1" flow="120.00" occupancy="1.18" speed="14.07" length="5.00" nVehEntered="1"/>
    <interval begin="1110.00" end="1140.00" id="0" nVehContrib="5" flow="600.00" occupancy="18.15" speed="7.95" length="5.00" nVehEntered="5"/>
    <interval begin="1140.00" end="1170.00" id="0" nVehContrib="4" flow="480.00" occupancy="4.38" speed="15.35" length="5.00" nVehEntered="4"/>
    <interval begin="1170.00" end="1200.00" id="0" nVehContrib="5" flow="600.00" occupancy="8.85" speed="10.28" length="5.00" nVehEntered="5"/>
    <interval begin="1200.00" end="1230.00" id="0" nVehContrib="2" flow="240.00" occupancy="15.99" speed="2.36" length="5.00" nVehEntered="2"/>
    <interval begin="1230.00" end="1260.00" id="0" nVehContrib="1" flow="120.00" occupancy="3.09" speed="5.39" length="5.00" nVehEntered="1"/>
    <interval begin="1260.00" end="1290.00" id="0" nVehContrib="2" flow="240.00" occupancy="17.43" speed="2.43" length="5.00" nVehEntered="3"/>
    <interval begin="1290.00" end="1320.00" id="0" nVehContrib="1" flow="120.00" occupancy="2.86" speed="3.89" length="5.00" nVehEntered="0"/>
    <interval begin="1320.00" end="1350.00" id="0" nVehContrib="5" flow="600.00" occupancy="26.11" speed="4.07" length="5.00" nVehEntered="5"/>
    <interval begin="1350.00" end="1380.00" id="0" nVehContrib="5" flow="600.00" occupancy="5.30" speed="15.84" length="5.00" nVehEntered="5"/>
    <interval begin="1380.00" end="1410.00" id="0" nVehContrib="2" flow="240.00" occupancy="8.73" speed="8.38" length="5.00" nVehEntered="3"/>
    <interval begin="1410.00" end="1440.00" id="0" nVehContrib="3" flow="360.00" occupancy="49.87" speed="4.67" length="5.00" nVehEntered="3"/>
    <interval begin="1440.00" end="1470.00" id="0" nVehContrib="3" flow="360.00" occupancy="68.03" speed="3.84" length="5.00" nVehEntered="2"/>
    <interval begin="1470.00" end="1500.00" id="0" nVehContrib="3" flow="360.00" occupancy="3.41" speed="14.77" length="5.00" nVehEntered="3"/>
    <interval begin="1500.00" end="1530.00" id="0" nVehContrib="2" flow="240.00" occupancy="4.70" speed="7.82" length="5.00" nVehEntered="2"/>
    <interval begin="1530.00" end="1560.00" id="0" nVehContrib="3" flow="360.00" occupancy="20.70" speed="2.81" length="5.00" nVehEntered="3"/>
    <interval begin="1560.00" end="1590.00" id="0" nVehContrib="2" flow="240.00" occupancy="13.78" speed="2.69" length="5.00" nVehEntered="2"/>
    <interval begin="1590.00" end="1620.00" id="0" nVehContrib="4" flow="480.00" occupancy="9.03" speed="10.48" length="5.00" nVehEntered="4"/>
    <interval begin="1620.00" end="1650.00" id="0" nVehContrib="1" flow="120.00" occupancy="1.23" speed="13.59" length="5.00" nVehEntered="1"/>
    <interval begin="1650.00" end="1680.00" id="0" nVehContrib="3" flow="360.00" occupancy="4.21" speed="12.48" length="5.00" nVehEntered="3"/>
    <interval begin="1680.00" end="1710.00" id="0" nVehContrib="2" flow="240.00" occupancy="4.98" speed="7.39" length="5.00" nVehEntered="2"/>
    <interval begin="1710.00" end="1740.00" id="0" nVehContrib="2" flow="240.00" occupancy="15.38" speed="2.46" length="5.00" nVehEntered="2"/>
    <interval begin="1740.00" end="1770.00" id="0" nVehContrib="2" flow="240.00" occupancy="2.03" speed="16.42" length="5.00" nVehEntered="2"/>
    <interval begin="1770.00" end="1800.00" id="0" nVehContrib="1" flow="120.00" occupancy="1.14" speed="14.62" length="5.00" nVehEntered="1"/>
    <interval begin="1800.00" end="1830.00" id="0" nVehContrib="2" flow="240.00" occupancy="2.09" speed="15.98" length="5.00" nVehEntered="2"/>
    <interval begin="1830.00" end="1860.00" id="0" nVehContrib="3" flow="360.00" occupancy="4.19" speed="12.06" length="5.00" nVehEntered="3"/>
    <interval begin="1860.00" end="1890.00" id="0" nVehContrib="6" flow="720.00" occupancy="27.02" speed="4.70" length="5.00" nVehEntered="6"/>
    <interval begin="1890.00" end="1920.00" id="0" nVehContrib="3" flow="360.00" occupancy="3.34" speed="15.18" length="5.00" nVehEntered="3"/>
    <interval begin="1920.00" end="1950.00" id="0" nVehContrib="4" flow="480.00" occupancy="4.14" speed="16.10" length="5.00" nVehEntered="4"/>
    <interval begin="1950.00" end="1980.00" id="0" nVehContrib="6" flow="720.00" occupancy="6.09" speed="16.41" length="5.00" nVehEntered="6"/>
    <interval begin="1980.00" end="2010.00" id="0" nVehContrib="1" flow="120.00" occupancy="1.01" speed="16.52" length="5.00" nVehEntered="1"/>
    <interval begin="2010.00" end="2040.00" id="0" nVehContrib="5" flow="600.00" occupancy="8.48" speed="11.74" length="5.00" nVehEntered="5"/>
    <interval begin="2040.00" end="2070.00" id="0" nVehContrib="2" flow="240.00" occupancy="15.86" speed="2.31" length="5.00" nVehEntered="2"/>
    <interval begin="2070.00" end="2100.00" id="0" nVehContrib="4" flow="480.00" occupancy="6.81" speed="13.36" length="5.00" nVehEntered="4"/>
    <interval begin="2100.00" end="2130.00" id="0" nVehContrib="3" flow="360.00" occupancy="5.91" speed="9.81" length="5.00" nVehEntered="3"/>
    <interval begin="2130.00" end="2160.00" id="0" nVehContrib="2" flow="240.00" occupancy="3.06" speed="11.14" length="5.00" nVehEntered="2"/>
    <interval begin="2160.00" end="2190.00" id="0" nVehContrib="4" flow="480.00" occupancy="23.51" speed="3.74" length="5.00" nVehEntered="4"/>
    <interval begin="2190.00" end="2220.00" id="0" nVehContrib="2" flow="240.00" occupancy="15.84" speed="2.37" length="5.00" nVehEntered="2"/>
    <interval begin="2220.00" end="2250.00" id="0" nVehContrib="0" flow="0.00" occupancy="0.00" speed="-1.00" length="-1.00" nVehEntered="0"/>
    <interval begin="2250.00" end="2280.00" id="0" nVehContrib="4" flow="480.00" occupancy="4.48" speed="16.38" length="5.00" nVehEntered="5"/>
    <interval begin="2280.00" end="2310.00" id="0" nVehContrib="2" flow="240.00" occupancy="2.10" speed="13.42" length="5.00" nVehEntered="1"/>
    <interval begin="2310.00" end="2340.00" id="0" nVehContrib="0" flow="0.00" occupancy="0.00" speed="-1.00" length="-1.00" nVehEntered="0"/>
    <interval begin="2340.00" end="2370.00" id="0" nVehContrib="3" flow="360.00" occupancy="3.47" speed="14.60" length="5.00" nVehEntered="3"/>
    <interval begin="2370.00" end="2400.00" id="0" nVehContrib="5" flow="600.00" occupancy="8.28" speed="11.55" length="5.00" nVehEntered="5"/>
    <interval begin="2400.00" end="2430.00" id="0" nVehContrib="1" flow="120.00" occupancy="9.35" speed="1.78" length="5.00" nVehEntered="1"/>
    <interval begin="2430.00" end="2460.00" id="0" nVehContrib="5" flow="600.00" occupancy="16.19" speed="7.79" length="5.00" nVehEntered="5"/>
    <interval begin="2460.00" end="2490.00" id="0" nVehContrib="3" flow="360.00" occupancy="3.04" speed="16.45" length="5.00" nVehEntered="3"/>
    <interval begin="2490.00" end="2520.00" id="0" nVehContrib="0" flow="0.00" occupancy="0.00" speed="-1.00" length="-1.00" nVehEntered="0"/>
    <interval begin="2520.00" end="2550.00" id="0" nVehContrib="5" flow="600.00" occupancy="5.93" speed="14.52" length="5.00" nVehEntered="5"/>
    <interval begin="2550.00" end="2580.00" id="0" nVehContrib="4" flow="480.00" occupancy="8.96" speed="10.67" length="5.00" nVehEntered="4"/>
    <interval begin="2580.00" end="2610.00" id="0" nVehContrib="3" flow="360.00" occupancy="3.43" speed="14.87" length="5.00" nVehEntered="3"/>
    <interval begin="2610.00" end="2640.00" id="0" nVehContrib="2" flow="240.00" occupancy="2.87" speed="12.03" length="5.00" nVehEntered="2"/>
    <interval begin="2640.00" end="2670.00" id="0" nVehContrib="2" flow="240.00" occupancy="2.92" speed="11.48" length="5.00" nVehEntered="2"/>
    <interval begin="2670.00" end="2700.00" id="0" nVehContrib="3" flow="360.00" occupancy="3.66" speed="13.75" length="5.00" nVehEntered="3"/>
    <interval begin="2700.00" end="2730.00" id="0" nVehContrib="4" flow="480.00" occupancy="7.10" speed="10.86" length="5.00" nVehEntered="4"/>
    <interval begin="2730.00" end="2760.00" id="0" nVehContrib="1" flow="120.00" occupancy="12.44" speed="1.72" length="5.00" nVehEntered="2"/>
    <interval begin="2760.00" end="2790.00" id="0" nVehContrib="4" flow="480.00" occupancy="9.60" speed="7.57" length="5.00" nVehEntered="3"/>
    <interval begin="2790.00" end="2820.00" id="0" nVehContrib="0" flow="0.00" occupancy="0.00" speed="-1.00" length="-1.00" nVehEntered="0"/>
    <interval begin="2820.00" end="2850.00" id="0" nVehContrib="4" flow="480.00" occupancy="4.52" speed="15.00" length="5.00" nVehEntered="4"/>
    <interval begin="2850.00" end="2880.00" id="0" nVehContrib="2" flow="240.00" occupancy="4.64" speed="7.81" length="5.00" nVehEntered="2"/>
    <interval begin="2880.00" end="2910.00" id="0" nVehContrib="7" flow="840.00" occupancy="31.65" speed="4.65" length="5.00" nVehEntered="7"/>
    <interval begin="2910.00" end="2940.00" id="0" nVehContrib="5" flow="600.00" occupancy="6.12" speed="14.14" length="5.00" nVehEntered="5"/>
    <interval begin="2940.00" end="2970.00" id="0" nVehContrib="5" flow="600.00" occupancy="20.70" speed="6.94" length="5.00" nVehEntered="5"/>
    <interval begin="2970.00" end="3000.00" id="0" nVehContrib="2" flow="240.00" occupancy="2.19" speed="15.27" length="5.00" nVehEntered="2"/>
    <interval begin="3000.00" end="3030.00" id="0" nVehContrib="5" flow="600.00" occupancy="15.54" speed="7.62" length="5.00" nVehEntered="5"/>
    <interval begin="3030.00" end="3060.00" id="0" nVehContrib="0" flow="0.00" occupancy="0.00" speed="-1.00" length="-1.00" nVehEntered="0"/>
    <interval begin="3060.00" end="3090.00" id="0" nVehContrib="3" flow="360.00" occupancy="22.64" speed="3.30" length="5.00" nVehEntered="4"/>
    <interval begin="3090.00" end="3120.00" id="0" nVehContrib="3" flow="360.00" occupancy="6.86" speed="8.50" length="5.00" nVehEntered="2"/>
    <interval begin="3120.00" end="3150.00" id="0" nVehContrib="3" flow="360.00" occupancy="3.22" speed="15.60" length="5.00" nVehEntered="3"/>
    <interval begin="3150.00" end="3180.00" id="0" nVehContrib="3" flow="360.00" occupancy="6.09" speed="9.05" length="5.00" nVehEntered="3"/>
    <interval begin="3180.00" end="3210.00" id="0" nVehContrib="1" flow="120.00" occupancy="1.34" speed="12.42" length="5.00" nVehEntered="1"/>
    <interval begin="3210.00" end="3240.00" id="0" nVehContrib="2" flow="240.00" occupancy="2.72" speed="12.64" length="5.00" nVehEntered="2"/>
    <interval begin="3240.00" end="3270.00" id="0" nVehContrib="2" flow="240.00" occupancy="3.17" speed="10.69" length="5.00" nVehEntered="2"/>
    <interval begin="3270.00" end="3300.00" id="0" nVehContrib="1" flow="120.00" occupancy="1.05" speed="15.86" length="5.00" nVehEntered="1"/>
    <interval begin="3300.00" end="3330.00" id="0" nVehContrib="6" flow="720.00" occupancy="7.07" speed="14.71" length="5.00" nVehEntered="6"/>
    <interval begin="3330.00" end="3360.00" id="0" nVehContrib="4" flow="480.00" occupancy="23.91" speed="3.59" length="5.00" nVehEntered="4"/>
    <interval begin="3360.00" end="3390.00" id="0" nVehContrib="2" flow="240.00" occupancy="2.18" speed="15.37" length="5.00" nVehEntered="2"/>
    <interval begin="3390.00" end="3420.00" id="0" nVehContrib="0" flow="0.00" occupancy="0.00" speed="-1.00" length="-1.00" nVehEntered="0"/>
    <interval begin="3420.00" end="3450.00" id="0" nVehContrib="4" flow="480.00" occupancy="4.30" speed="15.62" length="5.00" nVehEntered="4"/>
    <interval begin="3450.00" end="3480.00" id="0" nVehContrib="3" flow="360.00" occupancy="15.60" speed="6.04" length="5.00" nVehEntered="4"/>
    <interval begin="3480.00" end="3510.00" id="0" nVehContrib="4" flow="480.00" occupancy="7.32" speed="10.84" length="5.00" nVehEntered="3"/>
    <interval begin="3510.00" end="3540.00" id="0" nVehContrib="3" flow="360.00" occupancy="3.25" speed="15.49" length="5.00" nVehEntered="3"/>
    <interval begin="3540.00" end="3570.00" id="0" nVehContrib="3" flow="360.00" occupancy="6.07" speed="9.45" length="5.00" nVehEntered="3"/>
    <interval begin="3570.00" end="3600.00" id="0" nVehContrib="6" flow="720.00" occupancy="27.28" speed="4.62" length="5.00" nVehEntered="6"/>
    <interval begin="3600.00" end="3630.00" id="0" nVehContrib="4" flow="480.00" occupancy="4.24" speed="15.82" length="5.00" nVehEntered="4"/>
    <interval begin="3630.00" end="3660.00" id="0" nVehContrib="2" flow="240.00" occupancy="2.01" speed="16.57" length="5.00" nVehEntered="2"/>
    <interval begin="3660.00" end="3690.00" id="0" nVehContrib="3" flow="360.00" occupancy="3.38" speed="14.86" length="5.00" nVehEntered="3"/>
    <interval begin="3690.00" end="3720.00" id="0" nVehContrib="2" flow="240.00" occupancy="4.39" speed="8.48" length="5.00" nVehEntered="2"/>
    <interval begin="3720.00" end="3750.00" id="0" nVehContrib="5" flow="600.00" occupancy="24.58" speed="4.29" length="5.00" nVehEntered="5"/>
    <interval begin="3750.00" end="3780.00" id="0" nVehContrib="4" flow="480.00" occupancy="6.66" speed="11.85" length="5.00" nVehEntered="4"/>
    <interval begin="3780.00" end="3810.00" id="0" nVehContrib="4" flow="480.00" occupancy="6.90" speed="11.18" length="5.00" nVehEntered="4"/>
    <interval begin="3810.00" end="3840.00" id="0" nVehContrib="1" flow="120.00" occupancy="1.22" speed="13.70" length="5.00" nVehEntered="1"/>
    <interval begin="3840.00" end="3870.00" id="0" nVehContrib="3" flow="360.00" occupancy="7.35" speed="7.29" length="5.00" nVehEntered="3"/>
    <interval begin="3870.00" end="3900.00" id="0" nVehContrib="2" flow="240.00" occupancy="4.37" speed="8.01" length="5.00" nVehEntered="2"/>
    <interval begin="3900.00" end="3930.00" id="0" nVehContrib="2" flow="240.00" occupancy="9.49" speed="6.42" length="5.00" nVehEntered="2"/>
    <interval begin="3930.00" end="3960.00" id="0" nVehContrib="2" flow="240.00" occupancy="2.02" speed="16.51" length="5.00" nVehEntered="2"/>
    <interval begin="3960.00" end="3990.00" id="0" nVehContrib="1" flow="120.00" occupancy="1.01" speed="16.45" length="5.00" nVehEntered="1"/>
    <interval begin="3990.00" end="4020.00" id="0" nVehContrib="3" flow="360.00" occupancy="3.52" speed="14.42" length="5.00" nVehEntered="3"/>
    <interval begin="4020.00" end="4050.00" id="0" nVehContrib="1" flow="120.00" occupancy="1.54" speed="10.85" length="5.00" nVehEntered="1"/>
    <interval begin="4050.00" end="4080.00" id="0" nVehContrib="3" flow="360.00" occupancy="4.45" speed="11.55" length="5.00" nVehEntered="3"/>
    <interval begin="4080.00" end="4110.00" id="0" nVehContrib="1" flow="120.00" occupancy="1.18" speed="14.13" length="5.00" nVehEntered="1"/>
    <interval begin="4110.00" end="4140.00" id="0" nVehContrib="3" flow="360.00" occupancy="5.53" speed="9.76" length="5.00" nVehEntered="3"/>
    <interval begin="4140.00" end="4170.00" id="0" nVehContrib="3" flow="360.00" occupancy="6.32" speed="8.76" length="5.00" nVehEntered="3"/>
    <interval begin="4170.00" end="4200.00" id="0" nVehContrib="3" flow="360.00" occupancy="18.38" speed="3.20" length="5.00" nVehEntered="3"/>
    <interval begin="4200.00" end="4230.00" id="0" nVehContrib="2" flow="240.00" occupancy="2.14" speed="15.59" length="5.00" nVehEntered="2"/>
    <interval begin="4230.00" end="4260.00" id="0" nVehContrib="3" flow="360.00" occupancy="4.62" speed="10.95" length="5.00" nVehEntered="3"/>
    <interval begin="4260.00" end="4290.00" id="0" nVehContrib="1" flow="120.00" occupancy="1.39" speed="11.97" length="5.00" nVehEntered="1"/>
    <interval begin="4290.00" end="4320.00" id="0" nVehContrib="2" flow="240.00" occupancy="2.16" speed="15.48" length="5.00" nVehEntered="2"/>
    <interval begin="4320.00" end="4350.00" id="0" nVehContrib="4" flow="480.00" occupancy="5.19" speed="13.55" length="5.00" nVehEntered="4"/>
    <interval begin="4350.00" end="4380.00" id="0" nVehContrib="2" flow="240.00" occupancy="2.04" speed="16.37" length="5.00" nVehEntered="2"/>
    <interval begin="4380.00" end="4410.00" id="0" nVehContrib="4" flow="480.00" occupancy="5.37" speed="12.62" length="5.00" nVehEntered="4"/>
    <interval begin="4410.00" end="4440.00" id="0" nVehContrib="5" flow="600.00" occupancy="5.51" speed="15.66" length="5.00" nVehEntered="6"/>
    <interval begin="4440.00" end="4470.00" id="0" nVehContrib="4" flow="480.00" occupancy="18.35" speed="7.34" length="5.00" nVehEntered="4"/>
    <interval begin="4470.00" end="4500.00" id="0" nVehContrib="4" flow="480.00" occupancy="7.61" speed="10.44" length="5.00" nVehEntered="3"/>
    <interval begin="4500.00" end="4530.00" id="0" nVehContrib="3" flow="360.00" occupancy="5.35" speed="13.55" length="5.00" nVehEntered="4"/>
    <interval begin="4530.00" end="4560.00" id="0" nVehContrib="3" flow="360.00" occupancy="6.51" speed="6.65" length="5.00" nVehEntered="2"/>
    <interval begin="4560.00" end="4590.00" id="0" nVehContrib="3" flow="360.00" occupancy="19.77" speed="3.32" length="5.00" nVehEntered="3"/>
    <interval begin="4590.00" end="4620.00" id="0" nVehContrib="0" flow="0.00" occupancy="0.00" speed="-1.00" length="-1.00" nVehEntered="0"/>
    <interval begin="4620.00" end="4650.00" id="0" nVehContrib="4" flow="480.00" occupancy="4.59" speed="14.74" length="5.00" nVehEntered="4"/>
    <interval begin="4650.00" end="4680.00" id="0" nVehContrib="5" flow="600.00" occupancy="19.90" speed="5.48" length="5.00" nVehEntered="5"/>
    <interval begin="4680.00" end="4710.00" id="0" nVehContrib="0" flow="0.00" occupancy="5.57" speed="-1.00" length="-1.00" nVehEntered="1"/>
    <interval begin="4710.00" end="4740.00" id="0" nVehContrib="3" flow="360.00" occupancy="12.85" speed="3.42" length="5.00" nVehEntered="2"/>
    <interval begin="4740.00" end="4770.00" id="0" nVehContrib="8" flow="960.00" occupancy="33.46" speed="4.86" length="5.00" nVehEntered="8"/>
    <interval begin="4770.00" end="4800.00" id="0" nVehContrib="0" flow="0.00" occupancy="0.00" speed="-1.00" length="-1.00" nVehEntered="0"/>
    <interval begin="4800.00" end="4830.00" id="0" nVehContrib="5" flow="600.00" occupancy="22.29" speed="5.45" length="5.00" nVehEntered="5"/>
    <interval begin="4830.00" end="4860.00" id="0" nVehContrib="3" flow="360.00" occupancy="5.78" speed="9.53" length="5.00" nVehEntered="3"/>
    <interval begin="4860.00" end="4890.00" id="0" nVehContrib="2" flow="240.00" occupancy="20.41" speed="2.20" length="5.00" nVehEntered="2"/>
    <interval begin="4890.00" end="4920.00" id="0" nVehContrib="1" flow="120.00" occupancy="4.61" speed="3.62" length="5.00" nVehEntered="1"/>
    <interval begin="4920.00" end="4950.00" id="0" nVehContrib="4" flow="480.00" occupancy="23.16" speed="3.62" length="5.00" nVehEntered="4"/>
    <interval begin="4950.00" end="4980.00" id="0" nVehContrib="5" flow="600.00" occupancy="8.14" speed="11.93" length="5.00" nVehEntered="5"/>
    <interval begin="4980.00" end="5010.00" id="0" nVehContrib="3" flow="360.00" occupancy="20.37" speed="2.89" length="5.00" nVehEntered="3"/>
    <interval begin="5010.00" end="5040.00" id="0" nVehContrib="7" flow="840.00" occupancy="28.98" speed="5.63" length="5.00" nVehEntered="7"/>
    <interval begin="5040.00" end="5070.00" id="0" nVehContrib="2" flow="240.00" occupancy="4.88" speed="7.43" length="5.00" nVehEntered="2"/>
    <interval begin="5070.00" end="5100.00" id="0" nVehContrib="0" flow="0.00" occupancy="0.00" speed="-1.00" length="-1.00" nVehEntered="0"/>
    <interval begin="5100.00" end="5130.00" id="0" nVehContrib="11" flow="1320.00" occupancy="37.59" speed="6.19" length="5.00" nVehEntered="11"/>
    <interval begin="5130.00" end="5160.00" id="0" nVehContrib="4" flow="480.00" occupancy="9.07" speed="8.05" length="5.00" nVehEntered="4"/>
    <interval begin="5160.00" end="5190.00" id="0" nVehContrib="6" flow="720.00" occupancy="26.50" speed="4.72" length="5.00" nVehEntered="6"/>
    <interval begin="5190.00" end="5220.00" id="0" nVehContrib="9" flow="1080.00" occupancy="19.74" speed="8.31" length="5.00" nVehEntered="9"/>
    <interval begin="5220.00" end="5250.00" id="0" nVehContrib="7" flow="840.00" occupancy="30.71" speed="4.61" length="5.00" nVehEntered="7"/>
    <interval begin="5250.00" end="5280.00" id="0" nVehContrib="2" flow="240.00" occupancy="6.19" speed="5.64" length="5.00" nVehEntered="2"/>
    <interval begin="5280.00" end="5310.00" id="0" nVehContrib="0" flow="0.00" occupancy="0.00" speed="-1.00" length="-1.00" nVehEntered="0"/>
    <interval begin="5310.00" end="5340.00" id="0" nVehContrib="5" flow="600.00" occupancy="25.25" speed="4.14" length="5.00" nVehEntered="5"/>
    <interval begin="5340.00" end="5370.00" id="0" nVehContrib="15" flow="1800.00" occupancy="25.87" speed="10.00" length="5.00" nVehEntered="15"/>
    <interval begin="5370.00" end="5400.00" id="0" nVehContrib="1" flow="120.00" occupancy="3.77" speed="4.43" length="5.00" nVehEntered="1"/>
    <interval begin="5400.00" end="5430.00" id="0" nVehContrib="3" flow="360.00" occupancy="19.17" speed="3.18" length="5.00" nVehEntered="3"/>
    <interval begin="5430.00" end="5460.00" id="0" nVehContrib="14" flow="1680.00" occupancy="28.87" speed="8.84" length="5.00" nVehEntered="15"/>
    <interval begin="5460.00" end="5490.00" id="0" nVehContrib="4" flow="480.00" occupancy="6.52" speed="10.03" length="5.00" nVehEntered="3"/>
    <interval begin="5490.00" end="5520.00" id="0" nVehContrib="7" flow="840.00" occupancy="30.46" speed="5.06" length="5.00" nVehEntered="7"/>
    <interval begin="5520.00" end="5550.00" id="0" nVehContrib="2" flow="240.00" occupancy="5.78" speed="6.03" length="5.00" nVehEntered="2"/>
    <interval begin="5550.00" end="5580.00" id="0" nVehContrib="0" flow="0.00" occupancy="0.00" speed="-1.00" length="-1.00" nVehEntered="0"/>
    <interval begin="5580.00" end="5610.00" id="0" nVehContrib="0" flow="0.00" occupancy="9.91" speed="-1.00" length="-1.00" nVehEntered="1"/>
    <interval begin="5610.00" end="5640.00" id="0" nVehContrib="13" flow="1560.00" occupancy="35.03" speed="6.32" length="5.00" nVehEntered="12"/>
    <interval begin="5640.00" end="5670.00" id="0" nVehContrib="14" flow="1680.00" occupancy="24.84" speed="10.21" length="5.00" nVehEntered="14"/>
    <interval begin="5670.00" end="5700.00" id="0" nVehContrib="0" flow="0.00" occupancy="0.00" speed="-1.00" length="-1.00" nVehEntered="0"/>
    <interval begin="5700.00" end="5730.00" id="0" nVehContrib="1" flow="120.00" occupancy="10.19" speed="1.64" length="5.00" nVehEntered="1"/>
    <interval begin="5730.00" end="5760.00" id="0" nVehContrib="13" flow="1560.00" occupancy="34.84" speed="6.92" length="5.00" nVehEntered="13"/>
    <interval begin="5760.00" end="5790.00" id="0" nVehContrib="0" flow="0.00" occupancy="0.00" speed="-1.00" length="-1.00" nVehEntered="0"/>
    <interval begin="5790.00" end="5820.00" id="0" nVehContrib="4" flow="480.00" occupancy="22.81" speed="3.72" length="5.00" nVehEntered="4"/>
    <interval begin="5820.00" end="5850.00" id="0" nVehContrib="15" flow="1800.00" occupancy="28.00" speed="9.25" length="5.00" nVehEntered="15"/>
    <interval begin="5850.00" end="5880.00" id="0" nVehContrib="2" flow="240.00" occupancy="6.24" speed="5.91" length="5.00" nVehEntered="2"/>
    <interval begin="5880.00" end="5910.00" id="0" nVehContrib="0" flow="0.00" occupancy="0.00" speed="-1.00" length="-1.00" nVehEntered="0"/>
    <interval begin="5910.00" end="5940.00" id="0" nVehContrib="10" flow="1200.00" occupancy="33.18" speed="6.32" length="5.00" nVehEntered="10"/>
    <interval begin="5940.00" end="5970.00" id="0" nVehContrib="11" flow="1320.00" occupancy="19.11" speed="10.28" length="5.00" nVehEntered="11"/>
    <interval begin="5970.00" end="6000.00" id="0" nVehContrib="0" flow="0.00" occupancy="0.00" speed="-1.00" length="-1.00" nVehEntered="0"/>
    <interval begin="6000.00" end="6030.00" id="0" nVehContrib="3" flow="360.00" occupancy="18.38" speed="3.23" length="5.00" nVehEntered="3"/>
    <interval begin="6030.00" end="6060.00" id="0" nVehContrib="11" flow="1320.00" occupancy="26.50" speed="7.32" length="5.00" nVehEntered="11"/>
    <interval begin="6060.00" end="6090.00" id="0" nVehContrib="0" flow="0.00" occupancy="5.53" speed="-1.00" length="-1.00" nVehEntered="1"/>
    <interval begin="6090.00" end="6120.00" id="0" nVehContrib="12" flow="1440.00" occupancy="35.29" speed="6.42" length="5.00" nVehEntered="11"/>
    <interval begin="6120.00" end="6150.00" id="0" nVehContrib="2" flow="240.00" occupancy="5.17" speed="7.05" length="5.00" nVehEntered="2"/>
    <interval begin="6150.00" end="6180.00" id="0" nVehContrib="0" flow="0.00" occupancy="0.00" speed="-1.00" length="-1.00" nVehEntered="0"/>
    <interval begin="6180.00" end="6210.00" id="0" nVehContrib="10" flow="1200.00" occupancy="38.02" speed="5.88" length="5.00" nVehEntered="10"/>
    <interval begin="6210.00" end="6240.00" id="0" nVehContrib="16" flow="1920.00" occupancy="24.18" speed="11.58" length="5.00" nVehEntered="17"/>
    <interval begin="6240.00" end="6270.00" id="0" nVehContrib="3" flow="360.00" occupancy="17.06" speed="4.73" length="5.00" nVehEntered="3"/>
    <interval begin="6270.00" end="6300.00" id="0" nVehContrib="2" flow="240.00" occupancy="79.96" speed="4.01" length="5.00" nVehEntered="2"/>
    <interval begin="6300.00" end="6330.00" id="0" nVehContrib="3" flow="360.00" occupancy="12.72" speed="2.62" length="5.00" nVehEntered="2"/>
    <interval begin="6330.00" end="6360.00" id="0" nVehContrib="3" flow="360.00" occupancy="20.30" speed="2.75" length="5.00" nVehEntered="3"/>
    <interval begin="6360.00" end="6390.00" id="0" nVehContrib="0" flow="0.00" occupancy="0.00" speed="-1.00" length="-1.00" nVehEntered="0"/>
    <interval begin="6390.00" end="6420.00" id="0" nVehContrib="6" flow="720.00" occupancy="27.25" speed="4.54" length="5.00" nVehEntered="6"/>
    <interval begin="6420.00" end="6450.00" id="0" nVehContrib="3" flow="360.00" occupancy="8.67" speed="6.16" length="5.00" nVehEntered="3"/>
    <interval begin="6450.00" end="6480.00" id="0" nVehContrib="0" flow="0.00" occupancy="0.00" speed="-1.00" length="-1.00" nVehEntered="0"/>
    <interval begin="6480.00" end="6510.00" id="0" nVehContrib="3" flow="360.00" occupancy="23.03" speed="3.07" length="5.00" nVehEntered="4"/>
    <interval begin="6510.00" end="6540.00" id="0" nVehContrib="15" flow="1800.00" occupancy="27.04" speed="8.96" length="5.00" nVehEntered="14"/>
    <interval begin="6540.00" end="6570.00" id="0" nVehContrib="3" flow="360.00" occupancy="6.69" speed="8.29" length="5.00" nVehEntered="3"/>
    <interval begin="6570.00" end="6600.00" id="0" nVehContrib="3" flow="360.00" occupancy="19.94" speed="2.86" length="5.00" nVehEntered="3"/>
    <interval begin="6600.00" end="6630.00" id="0" nVehContrib="1" flow="120.00" occupancy="11.41" speed="1.46" length="5.00" nVehEntered="1"/>
    <interval begin="6630.00" end="6660.00" id="0" nVehContrib="13" flow="1560.00" occupancy="32.05" speed="7.45" length="5.00" nVehEntered="13"/>
    <interval begin="6660.00" end="6690.00" id="0" nVehContrib="17" flow="2040.00" occupancy="24.93" speed="11.39" length="5.00" nVehEntered="17"/>
    <interval begin="6690.00" end="6720.00" id="0" nVehContrib="3" flow="360.00" occupancy="7.10" speed="8.10" length="5.00" nVehEntered="3"/>
    <interval begin="6720.00" end="6750.00" id="0" nVehContrib="0" flow="0.00" occupancy="0.00" speed="-1.00" length="-1.00" nVehEntered="0"/>
    <interval begin="6750.00" end="6780.00" id="0" nVehContrib="8" flow="960.00" occupancy="34.67" speed="4.85" length="5.00" nVehEntered="8"/>
    <interval begin="6780.00" end="6810.00" id="0" nVehContrib="0" flow="0.00" occupancy="85.64" speed="-1.00" length="-1.00" nVehEntered="1"/>
    <interval begin="6810.00" end="6840.00" id="0" nVehContrib="5" flow="600.00" occupancy="70.93" speed="3.86" length="5.00" nVehEntered="4"/>
    <interval begin="6840.00" end="6870.00" id="0" nVehContrib="4" flow="480.00" occupancy="10.19" speed="6.78" length="5.00" nVehEntered="4"/>
    <interval begin="6870.00" end="6900.00" id="0" nVehContrib="6" flow="720.00" occupancy="27.76" speed="4.43" length="5.00" nVehEntered="6"/>
    <interval begin="6900.00" end="6930.00" id="0" nVehContrib="3" flow="360.00" occupancy="7.86" speed="6.59" length="5.00" nVehEntered="3"/>
    <interval begin="6930.00" end="6960.00" id="0" nVehContrib="0" flow="0.00" occupancy="0.00" speed="-1.00" length="-1.00" nVehEntered="0"/>
    <interval begin="6960.00" end="6990.00" id="0" nVehContrib="4" flow="480.00" occupancy="23.11" speed="3.47" length="5.00" nVehEntered="4"/>
    <interval begin="6990.00" end="7020.00" id="0" nVehContrib="15" flow="1800.00" occupancy="28.53" speed="9.26" length="5.00" nVehEntered="15"/>
    <interval begin="7020.00" end="7050.00" id="0" nVehContrib="9" flow="1080.00" occupancy="14.67" speed="11.23" length="5.00" nVehEntered="9"/>
    <interval begin="7050.00" end="7080.00" id="0" nVehContrib="2" flow="240.00" occupancy="19.12" speed="2.33" length="5.00" nVehEntered="3"/>
    <interval begin="7080.00" end="7110.00" id="0" nVehContrib="1" flow="120.00" occupancy="2.53" speed="3.99" length="5.00" nVehEntered="0"/>
    <interval begin="7110.00" end="7140.00" id="0" nVehContrib="8" flow="960.00" occupancy="32.59" speed="4.96" length="5.00" nVehEntered="8"/>
    <interval begin="7140.00" end="7170.00" id="0" nVehContrib="0" flow="0.00" occupancy="0.00" speed="-1.00" length="-1.00" nVehEntered="0"/>
    <interval begin="7170.00" end="7200.00" id="0" nVehContrib="9" flow="1080.00" occupancy="36.45" speed="5.26" length="5.00" nVehEntered="9"/>
    <interval begin="7200.00" end="7230.00" id="0" nVehContrib="0" flow="0.00" occupancy="0.00" speed="-1.00" length="-1.00" nVehEntered="0"/>
    <interval begin="7230.00" end="7260.00" id="0" nVehContrib="1" flow="120.00" occupancy="10.51" speed="1.59" length="5.00" nVehEntered="1"/>
    <interval begin="7260.00" end="7290.00" id="0" nVehContrib="12" flow="1440.00" occupancy="30.39" speed="7.24" length="5.00" nVehEntered="12"/>
    <interval begin="7290.00" end="7320.00" id="0" nVehContrib="16" flow="1920.00" occupancy="22.32" speed="12.08" length="5.00" nVehEntered="16"/>
    <interval begin="7320.00" end="7350.00" id="0" nVehContrib="5" flow="600.00" occupancy="8.73" speed="10.89" length="5.00" nVehEntered="5"/>
    <interval begin="7350.00" end="7380.00" id="0" nVehContrib="1" flow="120.00" occupancy="12.57" speed="1.51" length="5.00" nVehEntered="2"/>
    <interval begin="7380.00" end="7410.00" id="0" nVehContrib="8" flow="960.00" occupancy="23.16" speed="5.74" length="5.00" nVehEntered="7"/>
    <interval begin="7410.00" end="7440.00" id="0" nVehContrib="0" flow="0.00" occupancy="0.00" speed="-1.00" length="-1.00" nVehEntered="0"/>
    <interval begin="7440.00" end="7470.00" id="0" nVehContrib="9" flow="1080.00" occupancy="32.95" speed="5.71" length="5.00" nVehEntered="10"/>
    <interval begin="7470.00" end="7500.00" id="0" nVehContrib="16" flow="1920.00" occupancy="23.53" speed="11.49" length="5.00" nVehEntered="15"/>
    <interval begin="7500.00" end="7530.00" id="0" nVehContrib="3" flow="360.00" occupancy="7.16" speed="8.39" length="5.00" nVehEntered="3"/>
    <interval begin="7530.00" end="7560.00" id="0" nVehContrib="7" flow="840.00" occupancy="31.45" speed="4.88" length="5.00" nVehEntered="7"/>
    <interval begin="7560.00" end="7590.00" id="0" nVehContrib="15" flow="1800.00" occupancy="23.23" speed="10.97" length="5.00" nVehEntered="15"/>
    <interval begin="7590.00" end="7620.00" id="0" nVehContrib="5" flow="600.00" occupancy="9.01" speed="10.73" length="5.00" nVehEntered="5"/>
    <interval begin="7620.00" end="7650.00" id="0" nVehContrib="0" flow="0.00" occupancy="0.00" speed="-1.00" length="-1.00" nVehEntered="0"/>
    <interval begin="7650.00" end="7680.00" id="0" nVehContrib="3" flow="360.00" occupancy="17.23" speed="3.30" length="5.00" nVehEntered="3"/>
    <interval begin="7680.00" end="7710.00" id="0" nVehContrib="0" flow="0.00" occupancy="0.00" speed="-1.00" length="-1.00" nVehEntered="0"/>
    <interval begin="7710.00" end="7740.00" id="0" nVehContrib="9" flow="1080.00" occupancy="34.66" speed="5.52" length="5.00" nVehEntered="9"/>
    <interval begin="7740.00" end="7770.00" id="0" nVehContrib="12" flow="1440.00" occupancy="21.09" speed="9.97" length="5.00" nVehEntered="12"/>
    <interval begin="7770.00" end="7800.00" id="0" nVehContrib="0" flow="0.00" occupancy="11.41" speed="-1.00" length="-1.00" nVehEntered="1"/>
    <interval begin="7800.00" end="7830.00" id="0" nVehContrib="13" flow="1560.00" occupancy="31.40" speed="6.65" length="5.00" nVehEntered="12"/>
    <interval begin="7830.00" end="7860.00" id="0" nVehContrib="8" flow="960.00" occupancy="13.96" speed="10.29" length="5.00" nVehEntered="8"/>
    <interval begin="7860.00" end="7890.00" id="0" nVehContrib="0" flow="0.00" occupancy="0.00" speed="-1.00" length="-1.00" nVehEntered="0"/>
    <interval begin="7890.00" end="7920.00" id="0" nVehContrib="0" flow="0.00" occupancy="0.00" speed="-1.00" length="-1.00" nVehEntered="0"/>
    <interval begin="7920.00" end="7950.00" id="0" nVehContrib="8" flow="960.00" occupancy="32.71" speed="5.33" length="5.00" nVehEntered="9"/>
    <interval begin="7950.00" end="7980.00" id="0" nVehContrib="17" flow="2040.00" occupancy="24.64" speed="11.38" length="5.00" nVehEntered="16"/>
    <interval begin="7980.00" end="8010.00" id="0" nVehContrib="10" flow="1200.00" occupancy="15.77" speed="11.63" length="5.00" nVehEntered="10"/>
    <interval begin="8010.00" end="8040.00" id="0" nVehContrib="0" flow="0.00" occupancy="0.00" speed="-1.00" length="-1.00" nVehEntered="0"/>
    <interval begin="8040.00" end="8070.00" id="0" nVehContrib="4" flow="480.00" occupancy="23.27" speed="3.32" length="5.00" nVehEntered="4"/>
    <interval begin="8070.00" end="8100.00" id="0" nVehContrib="15" flow="1800.00" occupancy="28.25" speed="9.45" length="5.00" nVehEntered="15"/>
    <interval begin="8100.00" end="8130.00" id="0" nVehContrib="11" flow="1320.00" occupancy="13.52" speed="14.11" length="5.00" nVehEntered="12"/>
    <interval begin="8130.00" end="8160.00" id="0" nVehContrib="4" flow="480.00" occupancy="6.70" speed="10.74" length="5.00" nVehEntered="3"/>
    <interval begin="8160.00" end="8190.00" id="0" nVehContrib="0" flow="0.00" occupancy="0.00" speed="-1.00" length="-1.00" nVehEntered="0"/>
    <interval begin="8190.00" end="8220.00" id="0" nVehContrib="7" flow="840.00" occupancy="30.96" speed="5.01" length="5.00" nVehEntered="8"/>
    <interval begin="8220.00" end="8250.00" id="0" nVehContrib="13" flow="1560.00" occupancy="18.66" speed="10.86" length="5.00" nVehEntered="12"/>
    <interval begin="8250.00" end="8280.00" id="0" nVehContrib="5" flow="600.00" occupancy="6.09" speed="14.22" length="5.00" nVehEntered="5"/>
    <interval begin="8280.00" end="8310.00" id="0" nVehContrib="2" flow="240.00" occupancy="14.08" speed="3.37" length="5.00" nVehEntered="2"/>
    <interval begin="8310.00" end="8340.00" id="0" nVehContrib="7" flow="840.00" occupancy="23.42" speed="5.24" length="5.00" nVehEntered="7"/>
    <interval begin="8340.00" end="8370.00" id="0" nVehContrib="0" flow="0.00" occupancy="0.00" speed="-1.00" length="-1.00" nVehEntered="0"/>
    <interval begin="8370.00" end="8400.00" id="0" nVehContrib="9" flow="1080.00" occupancy="34.65" speed="5.66" length="5.00" nVehEntered="9"/>
    <interval begin="8400.00" end="8430.00" id="0" nVehContrib="12" flow="1440.00" occupancy="21.10" speed="9.84" length="5.00" nVehEntered="12"/>
    <interval begin="8430.00" end="8460.00" id="0" nVehContrib="0" flow="0.00" occupancy="0.00" speed="-1.00" length="-1.00" nVehEntered="0"/>
    <interval begin="8460.00" end="8490.00" id="0" nVehContrib="8" flow="960.00" occupancy="32.81" speed="5.05" length="5.00" nVehEntered="8"/>
    <interval begin="8490.00" end="8520.00" id="0" nVehContrib="7" flow="840.00" occupancy="15.25" speed="8.05" length="5.00" nVehEntered="7"/>
    <interval begin="8520.00" end="8550.00" id="0" nVehContrib="0" flow="0.00" occupancy="0.00" speed="-1.00" length="-1.00" nVehEntered="0"/>
    <interval begin="8550.00" end="8580.00" id="0" nVehContrib="6" flow="720.00" occupancy="28.29" speed="4.45" length="5.00" nVehEntered="6"/>
    <interval begin="8580.00" end="8610.00" id="0" nVehContrib="14" flow="1680.00" occupancy="23.34" speed="10.28" length="5.00" nVehEntered="14"/>
    <interval begin="8610.00" end="8640.00" id="0" nVehContrib="4" flow="480.00" occupancy="18.76" speed="5.25" length="5.00" nVehEntered="4"/>
    <interval begin="8640.00" end="8670.00" id="0" nVehContrib="2" flow="240.00" occupancy="8.13" speed="4.18" length="5.00" nVehEntered="2"/>
    <interval begin="8670.00" end="8700.00" id="0" nVehContrib="0" flow="0.00" occupancy="0.00" speed="-1.00" length="-1.00" nVehEntered="0"/>
    <interval begin="8700.00" end="8730.00" id="0" nVehContrib="10" flow="1200.00" occupancy="34.59" speed="6.09" length="5.00" nVehEntered="10"/>
    <interval begin="8730.00" end="8760.00" id="0" nVehContrib="11" flow="1320.00" occupancy="20.49" speed="9.64" length="5.00" nVehEntered="11"/>
    <interval begin="8760.00" end="8790.00" id="0" nVehContrib="0" flow="0.00" occupancy="0.00" speed="-1.00" length="-1.00" nVehEntered="0"/>
    <interval begin="8790.00" end="8820.00" id="0" nVehContrib="3" flow="360.00" occupancy="21.24" speed="3.06" length="5.00" nVehEntered="4"/>
    <interval begin="8820.00" end="8850.00" id="0" nVehContrib="15" flow="1800.00" occupancy="28.46" speed="8.80" length="5.00" nVehEntered="14"/>
    <interval begin="8850.00" end="8880.00" id="0" nVehContrib="4" flow="480.00" occupancy="8.54" speed="8.60" length="5.00" nVehEntered="4"/>
    <interval begin="8880.00" end="8910.00" id="0" nVehContrib="2" flow="240.00" occupancy="15.65" speed="2.40" length="5.00" nVehEntered="2"/>
    <interval begin="8910.00" end="8940.00" id="0" nVehContrib="14" flow="1680.00" occupancy="30.32" speed="8.49" length="5.00" nVehEntered="14"/>
    <interval begin="8940.00" end="8970.00" id="0" nVehContrib="5" flow="600.00" occupancy="8.22" speed="11.93" length="5.00" nVehEntered="5"/>
    <interval begin="8970.00" end="9000.00" id="0" nVehContrib="1" flow="120.00" occupancy="10.31" speed="1.62" length="5.00" nVehEntered="1"/>
    <interval begin="9000.00" end="9030.00" id="0" nVehContrib="2" flow="240.00" occupancy="74.25" speed="3.74" length="5.00" nVehEntered="3"/>
    <interval begin="9030.00" end="9060.00" id="0" nVehContrib="1" flow="120.00" occupancy="92.22" speed="0.11" length="5.00" nVehEntered="1"/>
    <interval begin="9060.00" end="9090.00" id="0" nVehContrib="3" flow="360.00" occupancy="15.89" speed="3.58" length="5.00" nVehEntered="3"/>
    <interval begin="9090.00" end="9120.00" id="0" nVehContrib="12" flow="1440.00" occupancy="33.91" speed="6.59" length="5.00" nVehEntered="11"/>
    <interval begin="9120.00" end="9150.00" id="0" nVehContrib="15" flow="1800.00" occupancy="25.23" speed="10.97" length="5.00" nVehEntered="15"/>
    <interval begin="9150.00" end="9180.00" id="0" nVehContrib="0" flow="0.00" occupancy="0.00" speed="-1.00" length="-1.00" nVehEntered="0"/>
    <interval begin="9180.00" end="9210.00" id="0" nVehContrib="0" flow="0.00" occupancy="10.88" speed="-1.00" length="-1.00" nVehEntered="1"/>
    <interval begin="9210.00" end="9240.00" id="0" nVehContrib="13" flow="1560.00" occupancy="32.75" speed="6.50" length="5.00" nVehEntered="12"/>
    <interval begin="9240.00" end="9270.00" id="0" nVehContrib="1" flow="120.00" occupancy="3.95" speed="4.22" length="5.00" nVehEntered="1"/>
    <interval begin="9270.00" end="9300.00" id="0" nVehContrib="8" flow="960.00" occupancy="32.64" speed="5.47" length="5.00" nVehEntered="9"/>
    <interval begin="9300.00" end="9330.00" id="0" nVehContrib="7" flow="840.00" occupancy="13.36" speed="8.60" length="5.00" nVehEntered="6"/>
    <interval begin="9330.00" end="9360.00" id="0" nVehContrib="0" flow="0.00" occupancy="0.00" speed="-1.00" length="-1.00" nVehEntered="0"/>
    <interval begin="9360.00" end="9390.00" id="0" nVehContrib="3" flow="360.00" occupancy="20.07" speed="2.93" length="5.00" nVehEntered="3"/>
    <interval begin="9390.00" end="9420.00" id="0" nVehContrib="4" flow="480.00" occupancy="25.56" speed="3.52" length="5.00" nVehEntered="5"/>
    <interval begin="9420.00" end="9450.00" id="0" nVehContrib="15" flow="1800.00" occupancy="27.80" speed="9.04" length="5.00" nVehEntered="14"/>
    <interval begin="9450.00" end="9480.00" id="0" nVehContrib="8" flow="960.00" occupancy="13.54" speed="11.21" length="5.00" nVehEntered="8"/>
    <interval begin="9480.00" end="9510.00" id="0" nVehContrib="3" flow="360.00" occupancy="21.07" speed="2.95" length="5.00" nVehEntered="4"/>
    <interval begin="9510.00" end="9540.00" id="0" nVehContrib="1" flow="120.00" occupancy="2.79" speed="4.52" length="5.00" nVehEntered="0"/>
    <interval begin="9540.00" end="9570.00" id="0" nVehContrib="4" flow="480.00" occupancy="21.76" speed="3.79" length="5.00" nVehEntered="4"/>
    <interval begin="9570.00" end="9600.00" id="0" nVehContrib="10" flow="1200.00" occupancy="22.04" speed="7.91" length="5.00" nVehEntered="10"/>
    <interval begin="9600.00" end="9630.00" id="0" nVehContrib="0" flow="0.00" occupancy="0.00" speed="-1.00" length="-1.00" nVehEntered="0"/>
    <interval begin="9630.00" end="9660.00" id="0" nVehContrib="7" flow="840.00" occupancy="30.98" speed="4.93" length="5.00" nVehEntered="8"/>
    <interval begin="9660.00" end="9690.00" id="0" nVehContrib="14" flow="1680.00" occupancy="25.49" speed="9.24" length="5.00" nVehEntered="13"/>
    <interval begin="9690.00" end="9720.00" id="0" nVehContrib="0" flow="0.00" occupancy="0.00" speed="-1.00" length="-1.00" nVehEntered="0"/>
    <interval begin="9720.00" end="9750.00" id="0" nVehContrib="1" flow="120.00" occupancy="11.91" speed="1.40" length="5.00" nVehEntered="1"/>
    <interval begin="9750.00" end="9780.00" id="0" nVehContrib="13" flow="1560.00" occupancy="31.90" speed="7.55" length="5.00" nVehEntered="13"/>
    <interval begin="9780.00" end="9810.00" id="0" nVehContrib="3" flow="360.00" occupancy="20.03" speed="3.09" length="5.00" nVehEntered="3"/>
    <interval begin="9810.00" end="9840.00" id="0" nVehContrib="6" flow="720.00" occupancy="17.79" speed="5.86" length="5.00" nVehEntered="6"/>
    <interval begin="9840.00" end="9870.00" id="0" nVehContrib="2" flow="240.00" occupancy="16.96" speed="2.67" length="5.00" nVehEntered="3"/>
    <interval begin="9870.00" end="9900.00" id="0" nVehContrib="1" flow="120.00" occupancy="1.51" speed="3.99" length="5.00" nVehEntered="0"/>
    <interval begin="9900.00" end="9930.00" id="0" nVehContrib="3" flow="360.00" occupancy="20.58" speed="3.09" length="5.00" nVehEntered="3"/>
    <interval begin="9930.00" end="9960.00" id="0" nVehContrib="0" flow="0.00" occupancy="0.00" speed="-1.00" length="-1.00" nVehEntered="0"/>
    <interval begin="9960.00" end="9990.00" id="0" nVehContrib="8" flow="960.00" occupancy="36.27" speed="4.56" length="5.00" nVehEntered="8"/>
    <interval begin="9990.00" end="10020.00" id="0" nVehContrib="0" flow="0.00" occupancy="0.00" speed="-1.00" length="-1.00" nVehEntered="0"/>
    <interval begin="10020.00" end="10050.00" id="0" nVehContrib="10" flow="1200.00" occupancy="36.24" speed="6.11" length="5.00" nVehEntered="11"/>
    <interval begin="10050.00" end="10080.00" id="0" nVehContrib="11" flow="1320.00" occupancy="18.40" speed="10.25" length="5.00" nVehEntered="10"/>
    <interval begin="10080.00" end="10110.00" id="0" nVehContrib="5" flow="600.00" occupancy="27.18" speed="4.30" length="5.00" nVehEntered="6"/>
    <interval begin="10110.00" end="10140.00" id="0" nVehContrib="3" flow="360.00" occupancy="5.84" speed="6.41" length="5.00" nVehEntered="2"/>
    <interval begin="10140.00" end="10170.00" id="0" nVehContrib="3" flow="360.00" occupancy="19.00" speed="3.22" length="5.00" nVehEntered="3"/>
    <interval begin="10170.00" end="10200.00" id="0" nVehContrib="0" flow="0.00" occupancy="0.00" speed="-1.00" length="-1.00" nVehEntered="0"/>
    <interval begin="10200.00" end="10230.00" id="0" nVehContrib="0" flow="0.00" occupancy="0.00" speed="-1.00" length="-1.00" nVehEntered="0"/>
    <interval begin="10230.00" end="10260.00" id="0" nVehContrib="10" flow="1200.00" occupancy="36.51" speed="6.11" length="5.00" nVehEntered="11"/>
    <interval begin="10260.00" end="10290.00" id="0" nVehContrib="5" flow="600.00" occupancy="9.51" speed="8.66" length="5.00" nVehEntered="4"/>
    <interval begin="10290.00" end="10320.00" id="0" nVehContrib="11" flow="1320.00" occupancy="36.49" speed="6.36" length="5.00" nVehEntered="11"/>
    <interval begin="10320.00" end="10350.00" id="0" nVehContrib="15" flow="1800.00" occupancy="22.73" speed="11.55" length="5.00" nVehEntered="16"/>
    <interval begin="10350.00" end="10380.00" id="0" nVehContrib="1" flow="120.00" occupancy="2.41" speed="5.26" length="5.00" nVehEntered="0"/>
    <interval begin="10380.00" end="10410.00" id="0" nVehContrib="9" flow="1080.00" occupancy="35.31" speed="5.58" length="5.00" nVehEntered="10"/>
    <interval begin="10410.00" end="10440.00" id="0" nVehContrib="6" flow="720.00" occupancy="11.44" speed="8.72" length="5.00" nVehEntered="5"/>
    <interval begin="10440.00" end="10470.00" id="0" nVehContrib="0" flow="0.00" occupancy="0.00" speed="-1.00" length="-1.00" nVehEntered="0"/>
    <interval begin="10470.00" end="10500.00" id="0" nVehContrib="0" flow="0.00" occupancy="0.00" speed="-1.00" length="-1.00" nVehEntered="0"/>
    <interval begin="10500.00" end="10530.00" id="0" nVehContrib="3" flow="360.00" occupancy="18.60" speed="3.09" length="5.00" nVehEntered="3"/>
    <interval begin="10530.00" end="10560.00" id="0" nVehContrib="3" flow="360.00" occupancy="17.62" speed="3.43" length="5.00" nVehEntered="3"/>
    <interval begin="10560.00" end="10590.00" id="0" nVehContrib="14" flow="1680.00" occupancy="27.31" speed="9.04" length="5.00" nVehEntered="14"/>
    <interval begin="10590.00" end="10620.00" id="0" nVehContrib="16" flow="1920.00" occupancy="22.55" speed="12.31" length="5.00" nVehEntered="17"/>
    <interval begin="10620.00" end="10650.00" id="0" nVehContrib="1" flow="120.00" occupancy="2.57" speed="4.97" length="5.00" nVehEntered="0"/>
    <interval begin="10650.00" end="10680.00" id="0" nVehContrib="9" flow="1080.00" occupancy="33.01" speed="5.84" length="5.00" nVehEntered="10"/>
    <interval begin="10680.00" end="10710.00" id="0" nVehContrib="6" flow="720.00" occupancy="11.86" speed="8.48" length="5.00" nVehEntered="5"/>
    <interval begin="10710.00" end="10740.00" id="0" nVehContrib="0" flow="0.00" occupancy="0.00" speed="-1.00" length="-1.00" nVehEntered="0"/>
    <interval begin="10740.00" end="10770.00" id="0" nVehContrib="3" flow="360.00" occupancy="18.25" speed="3.23" length="5.00" nVehEntered="3"/>
    <interval begin="10770.00" end="10800.00" id="0" nVehContrib="6" flow="720.00" occupancy="16.34" speed="6.31" length="5.00" nVehEntered="6"/>
    <interval begin="10800.00" end="10830.00" id="0" nVehContrib="8" flow="960.00" occupancy="32.57" speed="5.27" length="5.00" nVehEntered="8"/>
    <interval begin="10830.00" end="10860.00" id="0" nVehContrib="6" flow="720.00" occupancy="12.62" speed="8.28" length="5.00" nVehEntered="6"/>
    <interval begin="10860.00" end="10890.00" id="0" nVehContrib="0" flow="0.00" occupancy="0.00" speed="-1.00" length="-1.00" nVehEntered="0"/>
    <interval begin="10890.00" end="10920.00" id="0" nVehContrib="7" flow="840.00" occupancy="29.48" speed="4.81" length="5.00" nVehEntered="7"/>
    <interval begin="10920.00" end="10950.00" id="0" nVehContrib="15" flow="1800.00" occupancy="23.94" speed="10.73" length="5.00" nVehEntered="15"/>
    <interval begin="10950.00" end="10980.00" id="0" nVehContrib="6" flow="720.00" occupancy="11.56" speed="10.11" length="5.00" nVehEntered="6"/>
    <interval begin="10980.00" end="11010.00" id="0" nVehContrib="1" flow="120.00" occupancy="9.89" speed="1.69" length="5.00" nVehEntered="1"/>
    <interval begin="11010.00" end="11040.00" id="0" nVehContrib="12" flow="1440.00" occupancy="30.41" speed="7.10" length="5.00" nVehEntered="12"/>
    <interval begin="11040.00" end="11070.00" id="0" nVehContrib="17" flow="2040.00" occupancy="23.93" speed="12.02" length="5.00" nVehEntered="17"/>
    <interval begin="11070.00" end="11100.00" id="0" nVehContrib="4" flow="480.00" occupancy="7.99" speed="9.60" length="5.00" nVehEntered="4"/>
    <interval begin="11100.00" end="11130.00" id="0" nVehContrib="0" flow="0.00" occupancy="0.00" speed="-1.00" length="-1.00" nVehEntered="0"/>
    <interval begin="11130.00" end="11160.00" id="0" nVehContrib="3" flow="360.00" occupancy="19.29" speed="3.14" length="5.00" nVehEntered="4"/>
    <interval begin="11160.00" end="11190.00" id="0" nVehContrib="14" flow="1680.00" occupancy="27.81" speed="8.72" length="5.00" nVehEntered="13"/>
    <interval begin="11190.00" end="11220.00" id="0" nVehContrib="10" flow="1200.00" occupancy="15.91" speed="11.20" length="5.00" nVehEntered="10"/>
    <interval begin="11220.00" end="11250.00" id="0" nVehContrib="0" flow="0.00" occupancy="0.00" speed="-1.00" length="-1.00" nVehEntered="0"/>
    <interval begin="11250.00" end="11280.00" id="0" nVehContrib="0" flow="0.00" occupancy="4.65" speed="-1.00" length="-1.00" nVehEntered="1"/>
    <interval begin="11280.00" end="11310.00" id="0" nVehContrib="12" flow="1440.00" occupancy="35.84" speed="6.73" length="5.00" nVehEntered="12"/>
    <interval begin="11310.00" end="11340.00" id="0" nVehContrib="3" flow="360.00" occupancy="6.38" speed="7.94" length="5.00" nVehEntered="2"/>
    <interval begin="11340.00" end="11370.00" id="0" nVehContrib="8" flow="960.00" occupancy="30.81" speed="5.42" length="5.00" nVehEntered="8"/>
    <interval begin="11370.00" end="11400.00" id="0" nVehContrib="13" flow="1560.00" occupancy="23.44" speed="9.83" length="5.00" nVehEntered="13"/>
    <interval begin="11400.00" end="11430.00" id="0" nVehContrib="0" flow="0.00" occupancy="0.00" speed="-1.00" length="-1.00" nVehEntered="0"/>
    <interval begin="11430.00" end="11460.00" id="0" nVehContrib="1" flow="120.00" occupancy="13.76" speed="1.52" length="5.00" nVehEntered="2"/>
    <interval begin="11460.00" end="11490.00" id="0" nVehContrib="13" flow="1560.00" occupancy="30.16" speed="7.40" length="5.00" nVehEntered="13"/>
    <interval begin="11490.00" end="11520.00" id="0" nVehContrib="14" flow="1680.00" occupancy="20.87" speed="11.89" length="5.00" nVehEntered="13"/>
    <interval begin="11520.00" end="11550.00" id="0" nVehContrib="0" flow="0.00" occupancy="0.00" speed="-1.00" length="-1.00" nVehEntered="0"/>
    <interval begin="11550.00" end="11580.00" id="0" nVehContrib="2" flow="240.00" occupancy="14.48" speed="2.58" length="5.00" nVehEntered="2"/>
    <interval begin="11580.00" end="11610.00" id="0" nVehContrib="13" flow="1560.00" occupancy="28.36" speed="8.31" length="5.00" nVehEntered="13"/>
    <interval begin="11610.00" end="11640.00" id="0" nVehContrib="6" flow="720.00" occupancy="10.80" speed="10.29" length="5.00" nVehEntered="6"/>
    <interval begin="11640.00" end="11670.00" id="0" nVehContrib="0" flow="0.00" occupancy="0.00" speed="-1.00" length="-1.00" nVehEntered="0"/>
    <interval begin="11670.00" end="11700.00" id="0" nVehContrib="7" flow="840.00" occupancy="29.63" speed="4.94" length="5.00" nVehEntered="8"/>
    <interval begin="11700.00" end="11730.00" id="0" nVehContrib="15" flow="1800.00" occupancy="22.92" speed="10.87" length="5.00" nVehEntered="14"/>
    <interval begin="11730.00" end="11760.00" id="0" nVehContrib="5" flow="600.00" occupancy="8.62" speed="11.05" length="5.00" nVehEntered="5"/>
    <interval begin="11760.00" end="11790.00" id="0" nVehContrib="0" flow="0.00" occupancy="0.00" speed="-1.00" length="-1.00" nVehEntered="0"/>
    <interval begin="11790.00" end="11820.00" id="0" nVehContrib="8" flow="960.00" occupancy="32.01" speed="5.21" length="5.00" nVehEntered="8"/>
    <interval begin="11820.00" end="11850.00" id="0" nVehContrib="12" flow="1440.00" occupancy="19.55" speed="10.77" length="5.00" nVehEntered="12"/>
    <interval begin="11850.00" end="11880.00" id="0" nVehContrib="6" flow="720.00" occupancy="9.07" speed="12.83" length="5.00" nVehEntered="6"/>
    <interval begin="11880.00" end="11910.00" id="0" nVehContrib="2" flow="240.00" occupancy="15.48" speed="2.48" length="5.00" nVehEntered="2"/>
    <interval begin="11910.00" end="11940.00" id="0" nVehContrib="10" flow="1200.00" occupancy="21.87" speed="9.27" length="5.00" nVehEntered="10"/>
    <interval begin="11940.00" end="11970.00" id="0" nVehContrib="3" flow="360.00" occupancy="5.90" speed="9.21" length="5.00" nVehEntered="3"/>
    <interval begin="11970.00" end="12000.00" id="0" nVehContrib="5" flow="600.00" occupancy="24.48" speed="4.24" length="5.00" nVehEntered="5"/>
    <interval begin="12000.00" end="12030.00" id="0" nVehContrib="9" flow="1080.00" occupancy="16.69" speed="10.62" length="5.00" nVehEntered="10"/>
    <interval begin="12030.00" end="12060.00" id="0" nVehContrib="5" flow="600.00" occupancy="7.46" speed="11.83" length="5.00" nVehEntered="4"/>
    <interval begin="12060.00" end="12090.00" id="0" nVehContrib="3" flow="360.00" occupancy="19.65" speed="3.17" length="5.00" nVehEntered="4"/>
    <interval begin="12090.00" end="12120.00" id="0" nVehContrib="10" flow="1200.00" occupancy="18.33" speed="9.76" length="5.00" nVehEntered="9"/>
    <interval begin="12120.00" end="12150.00" id="0" nVehContrib="2" flow="240.00" occupancy="4.75" speed="7.69" length="5.00" nVehEntered="2"/>
    <interval begin="12150.00" end="12180.00" id="0" nVehContrib="2" flow="240.00" occupancy="14.86" speed="2.55" length="5.00" nVehEntered="2"/>
    <interval begin="12180.00" end="12210.00" id="0" nVehContrib="6" flow="720.00" occupancy="18.55" speed="5.67" length="5.00" nVehEntered="6"/>
    <interval begin="12210.00" end="12240.00" id="0" nVehContrib="2" flow="240.00" occupancy="15.77" speed="2.58" length="5.00" nVehEntered="3"/>
    <interval begin="12240.00" end="12270.00" id="0" nVehContrib="1" flow="120.00" occupancy="2.78" speed="4.29" length="5.00" nVehEntered="0"/>
    <interval begin="12270.00" end="12300.00" id="0" nVehContrib="8" flow="960.00" occupancy="33.82" speed="5.12" length="5.00" nVehEntered="8"/>
    <interval begin="12300.00" end="12330.00" id="0" nVehContrib="6" flow="720.00" occupancy="12.88" speed="8.20" length="5.00" nVehEntered="6"/>
    <interval begin="12330.00" end="12360.00" id="0" nVehContrib="0" flow="0.00" occupancy="0.00" speed="-1.00" length="-1.00" nVehEntered="0"/>
    <interval begin="12360.00" end="12390.00" id="0" nVehContrib="7" flow="840.00" occupancy="31.67" speed="4.91" length="5.00" nVehEntered="7"/>
    <interval begin="12390.00" end="12420.00" id="0" nVehContrib="15" flow="1800.00" occupancy="23.19" speed="11.08" length="5.00" nVehEntered="15"/>
    <interval begin="12420.00" end="12450.00" id="0" nVehContrib="6" flow="720.00" occupancy="11.22" speed="11.02" length="5.00" nVehEntered="6"/>
    <interval begin="12450.00" end="12480.00" id="0" nVehContrib="0" flow="0.00" occupancy="0.00" speed="-1.00" length="-1.00" nVehEntered="0"/>
    <interval begin="12480.00" end="12510.00" id="0" nVehContrib="7" flow="840.00" occupancy="30.73" speed="4.91" length="5.00" nVehEntered="7"/>
    <interval begin="12510.00" end="12540.00" id="0" nVehContrib="1" flow="120.00" occupancy="3.11" speed="5.36" length="5.00" nVehEntered="1"/>
    <interval begin="12540.00" end="12570.00" id="0" nVehContrib="9" flow="1080.00" occupancy="37.16" speed="5.39" length="5.00" nVehEntered="9"/>
    <interval begin="12570.00" end="12600.00" id="0" nVehContrib="6" flow="720.00" occupancy="12.51" speed="8.67" length="5.00" nVehEntered="6"/>
    <interval begin="12600.00" end="12630.00" id="0" nVehContrib="0" flow="0.00" occupancy="4.19" speed="-1.00" length="-1.00" nVehEntered="1"/>
    <interval begin="12630.00" end="12660.00" id="0" nVehContrib="12" flow="1440.00" occupancy="34.07" speed="6.52" length="5.00" nVehEntered="11"/>
    <interval begin="12660.00" end="12690.00" id="0" nVehContrib="15" flow="1800.00" occupancy="23.72" speed="11.12" length="5.00" nVehEntered="15"/>
    <interval begin="12690.00" end="12720.00" id="0" nVehContrib="0" flow="0.00" occupancy="0.00" speed="-1.00" length="-1.00" nVehEntered="0"/>
    <interval begin="12720.00" end="12750.00" id="0" nVehContrib="1" flow="120.00" occupancy="10.46" speed="1.59" length="5.00" nVehEntered="1"/>
    <interval begin="12750.00" end="12780.00" id="0" nVehContrib="12" flow="1440.00" occupancy="30.14" speed="7.20" length="5.00" nVehEntered="12"/>
    <interval begin="12780.00" end="12810.00" id="0" nVehContrib="1" flow="120.00" occupancy="4.02" speed="4.15" length="5.00" nVehEntered="1"/>
    <interval begin="12810.00" end="12840.00" id="0" nVehContrib="8" flow="960.00" occupancy="32.79" speed="5.29" length="5.00" nVehEntered="8"/>
    <interval begin="12840.00" end="12870.00" id="0" nVehContrib="6" flow="720.00" occupancy="13.75" speed="7.96" length="5.00" nVehEntered="6"/>
    <interval begin="12870.00" end="12900.00" id="0" nVehContrib="0" flow="0.00" occupancy="6.47" speed="-1.00" length="-1.00" nVehEntered="1"/>
    <interval begin="12900.00" end="12930.00" id="0" nVehContrib="9" flow="1080.00" occupancy="27.11" speed="5.46" length="5.00" nVehEntered="8"/>
    <interval begin="12930.00" end="12960.00" id="0" nVehContrib="0" flow="0.00" occupancy="0.00" speed="-1.00" length="-1.00" nVehEntered="0"/>
    <interval begin="12960.00" end="12990.00" id="0" nVehContrib="3" flow="360.00" occupancy="18.77" speed="3.13" length="5.00" nVehEntered="3"/>
    <interval begin="12990.00" end="13020.00" id="0" nVehContrib="12" flow="1440.00" occupancy="28.22" speed="7.48" length="5.00" nVehEntered="12"/>
    <interval begin="13020.00" end="13050.00" id="0" nVehContrib="0" flow="0.00" occupancy="0.00" speed="-1.00" length="-1.00" nVehEntered="0"/>
    <interval begin="13050.00" end="13080.00" id="0" nVehContrib="0" flow="0.00" occupancy="0.00" speed="-1.00" length="-1.00" nVehEntered="0"/>
    <interval begin="13080.00" end="13110.00" id="0" nVehContrib="0" flow="0.00" occupancy="0.00" speed="-1.00" length="-1.00" nVehEntered="0"/>
    <interval begin="13110.00" end="13140.00" id="0" nVehContrib="0" flow="0.00" occupancy="0.00" speed="-1.00" length="-1.00" nVehEntered="0"/>
    <interval begin="13140.00" end="13170.00" id="0" nVehContrib="0" flow="0.00" occupancy="0.00" speed="-1.00" length="-1.00" nVehEntered="0"/>
    <interval begin="13170.00" end="13200.00" id="0" nVehContrib="0" flow="0.00" occupancy="0.00" speed="-1.00" length="-1.00" nVehEntered="0"/>
    <interval begin="13200.00" end="13230.00" id="0" nVehContrib="0" flow="0.00" occupancy="0.00" speed="-1.00" length="-1.00" nVehEntered="0"/>
    <interval begin="13230.00" end="13260.00" id="0" nVehContrib="0" flow="0.00" occupancy="0.00" speed="-1.00" length="-1.00" nVehEntered="0"/>
    <interval begin="13260.00" end="13290.00" id="0" nVehContrib="0" flow="0.00" occupancy="0.00" speed="-1.00" length="-1.00" nVehEntered="0"/>
    <interval begin="13290.00" end="13320.00" id="0" nVehContrib="0" flow="0.00" occupancy="0.00" speed="-1.00" length="-1.00" nVehEntered="0"/>
    <interval begin="13320.00" end="13350.00" id="0" nVehContrib="0" flow="0.00" occupancy="0.00" speed="-1.00" length="-1.00" nVehEntered="0"/>
    <interval begin="13350.00" end="13380.00" id="0" nVehContrib="0" flow="0.00" occupancy="0.00" speed="-1.00" length="-1.00" nVehEntered="0"/>
    <interval begin="13380.00" end="13410.00" id="0" nVehContrib="0" flow="0.00" occupancy="0.00" speed="-1.00" length="-1.00" nVehEntered="0"/>
    <interval begin="13410.00" end="13440.00" id="0" nVehContrib="0" flow="0.00" occupancy="0.00" speed="-1.00" length="-1.00" nVehEntered="0"/>
    <interval begin="13440.00" end="13470.00" id="0" nVehContrib="0" flow="0.00" occupancy="0.00" speed="-1.00" length="-1.00" nVehEntered="0"/>
    <interval begin="13470.00" end="13500.00" id="0" nVehContrib="0" flow="0.00" occupancy="0.00" speed="-1.00" length="-1.00" nVehEntered="0"/>
    <interval begin="13500.00" end="13530.00" id="0" nVehContrib="0" flow="0.00" occupancy="0.00" speed="-1.00" length="-1.00" nVehEntered="0"/>
    <interval begin="13530.00" end="13560.00" id="0" nVehContrib="0" flow="0.00" occupancy="0.00" speed="-1.00" length="-1.00" nVehEntered="0"/>
    <interval begin="13560.00" end="13590.00" id="0" nVehContrib="0" flow="0.00" occupancy="0.00" speed="-1.00" length="-1.00" nVehEntered="0"/>
    <interval begin="13590.00" end="13620.00" id="0" nVehContrib="0" flow="0.00" occupancy="0.00" speed="-1.00" length="-1.00" nVehEntered="0"/>
    <interval begin="13620.00" end="13650.00" id="0" nVehContrib="0" flow="0.00" occupancy="0.00" speed="-1.00" length="-1.00" nVehEntered="0"/>
    <interval begin="13650.00" end="13680.00" id="0" nVehContrib="0" flow="0.00" occupancy="0.00" speed="-1.00" length="-1.00" nVehEntered="0"/>
    <interval begin="13680.00" end="13710.00" id="0" nVehContrib="0" flow="0.00" occupancy="0.00" speed="-1.00" length="-1.00" nVehEntered="0"/>
    <interval begin="13710.00" end="13740.00" id="0" nVehContrib="0" flow="0.00" occupancy="0.00" speed="-1.00" length="-1.00" nVehEntered="0"/>
    <interval begin="13740.00" end="13770.00" id="0" nVehContrib="0" flow="0.00" occupancy="0.00" speed="-1.00" length="-1.00" nVehEntered="0"/>
    <interval begin="13770.00" end="13800.00" id="0" nVehContrib="0" flow="0.00" occupancy="0.00" speed="-1.00" length="-1.00" nVehEntered="0"/>
    <interval begin="13800.00" end="13830.00" id="0" nVehContrib="0" flow="0.00" occupancy="0.00" speed="-1.00" length="-1.00" nVehEntered="0"/>
    <interval begin="13830.00" end="13860.00" id="0" nVehContrib="0" flow="0.00" occupancy="0.00" speed="-1.00" length="-1.00" nVehEntered="0"/>
    <interval begin="13860.00" end="13890.00" id="0" nVehContrib="0" flow="0.00" occupancy="0.00" speed="-1.00" length="-1.00" nVehEntered="0"/>
    <interval begin="13890.00" end="13920.00" id="0" nVehContrib="0" flow="0.00" occupancy="0.00" speed="-1.00" length="-1.00" nVehEntered="0"/>
    <interval begin="13920.00" end="13950.00" id="0" nVehContrib="0" flow="0.00" occupancy="0.00" speed="-1.00" length="-1.00" nVehEntered="0"/>
    <interval begin="13950.00" end="13980.00" id="0" nVehContrib="0" flow="0.00" occupancy="0.00" speed="-1.00" length="-1.00" nVehEntered="0"/>
    <interval begin="13980.00" end="14010.00" id="0" nVehContrib="0" flow="0.00" occupancy="0.00" speed="-1.00" length="-1.00" nVehEntered="0"/>
    <interval begin="14010.00" end="14040.00" id="0" nVehContrib="0" flow="0.00" occupancy="0.00" speed="-1.00" length="-1.00" nVehEntered="0"/>
    <interval begin="14040.00" end="14070.00" id="0" nVehContrib="0" flow="0.00" occupancy="0.00" speed="-1.00" length="-1.00" nVehEntered="0"/>
    <interval begin="14070.00" end="14100.00" id="0" nVehContrib="0" flow="0.00" occupancy="0.00" speed="-1.00" length="-1.00" nVehEntered="0"/>
    <interval begin="14100.00" end="14130.00" id="0" nVehContrib="0" flow="0.00" occupancy="0.00" speed="-1.00" length="-1.00" nVehEntered="0"/>
    <interval begin="14130.00" end="14160.00" id="0" nVehContrib="0" flow="0.00" occupancy="0.00" speed="-1.00" length="-1.00" nVehEntered="0"/>
    <interval begin="14160.00" end="14190.00" id="0" nVehContrib="0" flow="0.00" occupancy="0.00" speed="-1.00" length="-1.00" nVehEntered="0"/>
    <interval begin="14190.00" end="14220.00" id="0" nVehContrib="0" flow="0.00" occupancy="0.00" speed="-1.00" length="-1.00" nVehEntered="0"/>
    <interval begin="14220.00" end="14250.00" id="0" nVehContrib="0" flow="0.00" occupancy="0.00" speed="-1.00" length="-1.00" nVehEntered="0"/>
    <interval begin="14250.00" end="14280.00" id="0" nVehContrib="0" flow="0.00" occupancy="0.00" speed="-1.00" length="-1.00" nVehEntered="0"/>
    <interval begin="14280.00" end="14310.00" id="0" nVehContrib="0" flow="0.00" occupancy="0.00" speed="-1.00" length="-1.00" nVehEntered="0"/>
    <interval begin="14310.00" end="14340.00" id="0" nVehContrib="0" flow="0.00" occupancy="0.00" speed="-1.00" length="-1.00" nVehEntered="0"/>
    <interval begin="14340.00" end="14370.00" id="0" nVehContrib="0" flow="0.00" occupancy="0.00" speed="-1.00" length="-1.00" nVehEntered="0"/>
    <interval begin="14370.00" end="14400.00" id="0" nVehContrib="0" flow="0.00" occupancy="0.00" speed="-1.00" length="-1.00" nVehEntered="0"/>
    <interval begin="14400.00" end="14430.00" id="0" nVehContrib="0" flow="0.00" occupancy="0.00" speed="-1.00" length="-1.00" nVehEntered="0"/>
    <interval begin="14430.00" end="14460.00" id="0" nVehContrib="0" flow="0.00" occupancy="0.00" speed="-1.00" length="-1.00" nVehEntered="0"/>
    <interval begin="14460.00" end="14490.00" id="0" nVehContrib="0" flow="0.00" occupancy="0.00" speed="-1.00" length="-1.00" nVehEntered="0"/>
    <interval begin="14490.00" end="14520.00" id="0" nVehContrib="0" flow="0.00" occupancy="0.00" speed="-1.00" length="-1.00" nVehEntered="0"/>
    <interval begin="14520.00" end="14550.00" id="0" nVehContrib="0" flow="0.00" occupancy="0.00" speed="-1.00" length="-1.00" nVehEntered="0"/>
    <interval begin="14550.00" end="14580.00" id="0" nVehContrib="0" flow="0.00" occupancy="0.00" speed="-1.00" length="-1.00" nVehEntered="0"/>
    <interval begin="14580.00" end="14610.00" id="0" nVehContrib="0" flow="0.00" occupancy="0.00" speed="-1.00" length="-1.00" nVehEntered="0"/>
    <interval begin="14610.00" end="14640.00" id="0" nVehContrib="0" flow="0.00" occupancy="0.00" speed="-1.00" length="-1.00" nVehEntered="0"/>
    <interval begin="14640.00" end="14670.00" id="0" nVehContrib="0" flow="0.00" occupancy="0.00" speed="-1.00" length="-1.00" nVehEntered="0"/>
    <interval begin="14670.00" end="14700.00" id="0" nVehContrib="0" flow="0.00" occupancy="0.00" speed="-1.00" length="-1.00" nVehEntered="0"/>
    <interval begin="14700.00" end="14730.00" id="0" nVehContrib="0" flow="0.00" occupancy="0.00" speed="-1.00" length="-1.00" nVehEntered="0"/>
    <interval begin="14730.00" end="14760.00" id="0" nVehContrib="0" flow="0.00" occupancy="0.00" speed="-1.00" length="-1.00" nVehEntered="0"/>
    <interval begin="14760.00" end="14790.00" id="0" nVehContrib="0" flow="0.00" occupancy="0.00" speed="-1.00" length="-1.00" nVehEntered="0"/>
    <interval begin="14790.00" end="14820.00" id="0" nVehContrib="0" flow="0.00" occupancy="0.00" speed="-1.00" length="-1.00" nVehEntered="0"/>
    <interval begin="14820.00" end="14850.00" id="0" nVehContrib="0" flow="0.00" occupancy="0.00" speed="-1.00" length="-1.00" nVehEntered="0"/>
    <interval begin="14850.00" end="14880.00" id="0" nVehContrib="0" flow="0.00" occupancy="0.00" speed="-1.00" length="-1.00" nVehEntered="0"/>
    <interval begin="14880.00" end="14910.00" id="0" nVehContrib="0" flow="0.00" occupancy="0.00" speed="-1.00" length="-1.00" nVehEntered="0"/>
    <interval begin="14910.00" end="14940.00" id="0" nVehContrib="0" flow="0.00" occupancy="0.00" speed="-1.00" length="-1.00" nVehEntered="0"/>
    <interval begin="14940.00" end="14970.00" id="0" nVehContrib="0" flow="0.00" occupancy="0.00" speed="-1.00" length="-1.00" nVehEntered="0"/>
    <interval begin="14970.00" end="15000.00" id="0" nVehContrib="0" flow="0.00" occupancy="0.00" speed="-1.00" length="-1.00" nVehEntered="0"/>
    <interval begin="15000.00" end="15030.00" id="0" nVehContrib="0" flow="0.00" occupancy="0.00" speed="-1.00" length="-1.00" nVehEntered="0"/>
    <interval begin="15030.00" end="15060.00" id="0" nVehContrib="0" flow="0.00" occupancy="0.00" speed="-1.00" length="-1.00" nVehEntered="0"/>
    <interval begin="15060.00" end="15090.00" id="0" nVehContrib="0" flow="0.00" occupancy="0.00" speed="-1.00" length="-1.00" nVehEntered="0"/>
    <interval begin="15090.00" end="15120.00" id="0" nVehContrib="0" flow="0.00" occupancy="0.00" speed="-1.00" length="-1.00" nVehEntered="0"/>
    <interval begin="15120.00" end="15150.00" id="0" nVehContrib="0" flow="0.00" occupancy="0.00" speed="-1.00" length="-1.00" nVehEntered="0"/>
    <interval begin="15150.00" end="15180.00" id="0" nVehContrib="0" flow="0.00" occupancy="0.00" speed="-1.00" length="-1.00" nVehEntered="0"/>
    <interval begin="15180.00" end="15210.00" id="0" nVehContrib="0" flow="0.00" occupancy="0.00" speed="-1.00" length="-1.00" nVehEntered="0"/>
    <interval begin="15210.00" end="15240.00" id="0" nVehContrib="0" flow="0.00" occupancy="0.00" speed="-1.00" length="-1.00" nVehEntered="0"/>
    <interval begin="15240.00" end="15270.00" id="0" nVehContrib="0" flow="0.00" occupancy="0.00" speed="-1.00" length="-1.00" nVehEntered="0"/>
    <interval begin="15270.00" end="15300.00" id="0" nVehContrib="0" flow="0.00" occupancy="0.00" speed="-1.00" length="-1.00" nVehEntered="0"/>
    <interval begin="15300.00" end="15330.00" id="0" nVehContrib="0" flow="0.00" occupancy="0.00" speed="-1.00" length="-1.00" nVehEntered="0"/>
    <interval begin="15330.00" end="15360.00" id="0" nVehContrib="0" flow="0.00" occupancy="0.00" speed="-1.00" length="-1.00" nVehEntered="0"/>
    <interval begin="15360.00" end="15390.00" id="0" nVehContrib="0" flow="0.00" occupancy="0.00" speed="-1.00" length="-1.00" nVehEntered="0"/>
    <interval begin="15390.00" end="15420.00" id="0" nVehContrib="0" flow="0.00" occupancy="0.00" speed="-1.00" length="-1.00" nVehEntered="0"/>
    <interval begin="15420.00" end="15450.00" id="0" nVehContrib="0" flow="0.00" occupancy="0.00" speed="-1.00" length="-1.00" nVehEntered="0"/>
    <interval begin="15450.00" end="15480.00" id="0" nVehContrib="0" flow="0.00" occupancy="0.00" speed="-1.00" length="-1.00" nVehEntered="0"/>
    <interval begin="15480.00" end="15510.00" id="0" nVehContrib="0" flow="0.00" occupancy="0.00" speed="-1.00" length="-1.00" nVehEntered="0"/>
    <interval begin="15510.00" end="15540.00" id="0" nVehContrib="0" flow="0.00" occupancy="0.00" speed="-1.00" length="-1.00" nVehEntered="0"/>
    <interval begin="15540.00" end="15570.00" id="0" nVehContrib="0" flow="0.00" occupancy="0.00" speed="-1.00" length="-1.00" nVehEntered="0"/>
    <interval begin="15570.00" end="15600.00" id="0" nVehContrib="0" flow="0.00" occupancy="0.00" speed="-1.00" length="-1.00" nVehEntered="0"/>
    <interval begin="15600.00" end="15630.00" id="0" nVehContrib="0" flow="0.00" occupancy="0.00" speed="-1.00" length="-1.00" nVehEntered="0"/>
    <interval begin="15630.00" end="15660.00" id="0" nVehContrib="0" flow="0.00" occupancy="0.00" speed="-1.00" length="-1.00" nVehEntered="0"/>
    <interval begin="15660.00" end="15690.00" id="0" nVehContrib="0" flow="0.00" occupancy="0.00" speed="-1.00" length="-1.00" nVehEntered="0"/>
    <interval begin="15690.00" end="15720.00" id="0" nVehContrib="0" flow="0.00" occupancy="0.00" speed="-1.00" length="-1.00" nVehEntered="0"/>
    <interval begin="15720.00" end="15750.00" id="0" nVehContrib="0" flow="0.00" occupancy="0.00" speed="-1.00" length="-1.00" nVehEntered="0"/>
    <interval begin="15750.00" end="15780.00" id="0" nVehContrib="0" flow="0.00" occupancy="0.00" speed="-1.00" length="-1.00" nVehEntered="0"/>
    <interval begin="15780.00" end="15810.00" id="0" nVehContrib="0" flow="0.00" occupancy="0.00" speed="-1.00" length="-1.00" nVehEntered="0"/>
    <interval begin="15810.00" end="15840.00" id="0" nVehContrib="0" flow="0.00" occupancy="0.00" speed="-1.00" length="-1.00" nVehEntered="0"/>
    <interval begin="15840.00" end="15870.00" id="0" nVehContrib="0" flow="0.00" occupancy="0.00" speed="-1.00" length="-1.00" nVehEntered="0"/>
    <interval begin="15870.00" end="15900.00" id="0" nVehContrib="0" flow="0.00" occupancy="0.00" speed="-1.00" length="-1.00" nVehEntered="0"/>
    <interval begin="15900.00" end="15930.00" id="0" nVehContrib="0" flow="0.00" occupancy="0.00" speed="-1.00" length="-1.00" nVehEntered="0"/>
    <interval begin="15930.00" end="15960.00" id="0" nVehContrib="0" flow="0.00" occupancy="0.00" speed="-1.00" length="-1.00" nVehEntered="0"/>
    <interval begin="15960.00" end="15990.00" id="0" nVehContrib="0" flow="0.00" occupancy="0.00" speed="-1.00" length="-1.00" nVehEntered="0"/>
    <interval begin="15990.00" end="16020.00" id="0" nVehContrib="0" flow="0.00" occupancy="0.00" speed="-1.00" length="-1.00" nVehEntered="0"/>
    <interval begin="16020.00" end="16050.00" id="0" nVehContrib="0" flow="0.00" occupancy="0.00" speed="-1.00" length="-1.00" nVehEntered="0"/>
    <interval begin="16050.00" end="16080.00" id="0" nVehContrib="0" flow="0.00" occupancy="0.00" speed="-1.00" length="-1.00" nVehEntered="0"/>
    <interval begin="16080.00" end="16110.00" id="0" nVehContrib="0" flow="0.00" occupancy="0.00" speed="-1.00" length="-1.00" nVehEntered="0"/>
    <interval begin="16110.00" end="16140.00" id="0" nVehContrib="0" flow="0.00" occupancy="0.00" speed="-1.00" length="-1.00" nVehEntered="0"/>
    <interval begin="16140.00" end="16170.00" id="0" nVehContrib="0" flow="0.00" occupancy="0.00" speed="-1.00" length="-1.00" nVehEntered="0"/>
    <interval begin="16170.00" end="16200.00" id="0" nVehContrib="0" flow="0.00" occupancy="0.00" speed="-1.00" length="-1.00" nVehEntered="0"/>
    <interval begin="16200.00" end="16230.00" id="0" nVehContrib="0" flow="0.00" occupancy="0.00" speed="-1.00" length="-1.00" nVehEntered="0"/>
    <interval begin="16230.00" end="16260.00" id="0" nVehContrib="0" flow="0.00" occupancy="0.00" speed="-1.00" length="-1.00" nVehEntered="0"/>
    <interval begin="16260.00" end="16290.00" id="0" nVehContrib="0" flow="0.00" occupancy="0.00" speed="-1.00" length="-1.00" nVehEntered="0"/>
    <interval begin="16290.00" end="16320.00" id="0" nVehContrib="0" flow="0.00" occupancy="0.00" speed="-1.00" length="-1.00" nVehEntered="0"/>
    <interval begin="16320.00" end="16350.00" id="0" nVehContrib="0" flow="0.00" occupancy="0.00" speed="-1.00" length="-1.00" nVehEntered="0"/>
    <interval begin="16350.00" end="16380.00" id="0" nVehContrib="0" flow="0.00" occupancy="0.00" speed="-1.00" length="-1.00" nVehEntered="0"/>
    <interval begin="16380.00" end="16410.00" id="0" nVehContrib="0" flow="0.00" occupancy="0.00" speed="-1.00" length="-1.00" nVehEntered="0"/>
    <interval begin="16410.00" end="16440.00" id="0" nVehContrib="0" flow="0.00" occupancy="0.00" speed="-1.00" length="-1.00" nVehEntered="0"/>
    <interval begin="16440.00" end="16470.00" id="0" nVehContrib="0" flow="0.00" occupancy="0.00" speed="-1.00" length="-1.00" nVehEntered="0"/>
    <interval begin="16470.00" end="16500.00" id="0" nVehContrib="0" flow="0.00" occupancy="0.00" speed="-1.00" length="-1.00" nVehEntered="0"/>
    <interval begin="16500.00" end="16530.00" id="0" nVehContrib="0" flow="0.00" occupancy="0.00" speed="-1.00" length="-1.00" nVehEntered="0"/>
    <interval begin="16530.00" end="16560.00" id="0" nVehContrib="0" flow="0.00" occupancy="0.00" speed="-1.00" length="-1.00" nVehEntered="0"/>
    <interval begin="16560.00" end="16590.00" id="0" nVehContrib="0" flow="0.00" occupancy="0.00" speed="-1.00" length="-1.00" nVehEntered="0"/>
    <interval begin="16590.00" end="16620.00" id="0" nVehContrib="0" flow="0.00" occupancy="0.00" speed="-1.00" length="-1.00" nVehEntered="0"/>
    <interval begin="16620.00" end="16650.00" id="0" nVehContrib="0" flow="0.00" occupancy="0.00" speed="-1.00" length="-1.00" nVehEntered="0"/>
    <interval begin="16650.00" end="16680.00" id="0" nVehContrib="0" flow="0.00" occupancy="0.00" speed="-1.00" length="-1.00" nVehEntered="0"/>
    <interval begin="16680.00" end="16710.00" id="0" nVehContrib="0" flow="0.00" occupancy="0.00" speed="-1.00" length="-1.00" nVehEntered="0"/>
    <interval begin="16710.00" end="16740.00" id="0" nVehContrib="0" flow="0.00" occupancy="0.00" speed="-1.00" length="-1.00" nVehEntered="0"/>
    <interval begin="16740.00" end="16770.00" id="0" nVehContrib="0" flow="0.00" occupancy="0.00" speed="-1.00" length="-1.00" nVehEntered="0"/>
    <interval begin="16770.00" end="16800.00" id="0" nVehContrib="0" flow="0.00" occupancy="0.00" speed="-1.00" length="-1.00" nVehEntered="0"/>
    <interval begin="16800.00" end="16830.00" id="0" nVehContrib="0" flow="0.00" occupancy="0.00" speed="-1.00" length="-1.00" nVehEntered="0"/>
    <interval begin="16830.00" end="16860.00" id="0" nVehContrib="0" flow="0.00" occupancy="0.00" speed="-1.00" length="-1.00" nVehEntered="0"/>
    <interval begin="16860.00" end="16890.00" id="0" nVehContrib="0" flow="0.00" occupancy="0.00" speed="-1.00" length="-1.00" nVehEntered="0"/>
    <interval begin="16890.00" end="16920.00" id="0" nVehContrib="0" flow="0.00" occupancy="0.00" speed="-1.00" length="-1.00" nVehEntered="0"/>
    <interval begin="16920.00" end="16950.00" id="0" nVehContrib="0" flow="0.00" occupancy="0.00" speed="-1.00" length="-1.00" nVehEntered="0"/>
    <interval begin="16950.00" end="16980.00" id="0" nVehContrib="0" flow="0.00" occupancy="0.00" speed="-1.00" length="-1.00" nVehEntered="0"/>
    <interval begin="16980.00" end="17010.00" id="0" nVehContrib="0" flow="0.00" occupancy="0.00" speed="-1.00" length="-1.00" nVehEntered="0"/>
    <interval begin="17010.00" end="17040.00" id="0" nVehContrib="0" flow="0.00" occupancy="0.00" speed="-1.00" length="-1.00" nVehEntered="0"/>
    <interval begin="17040.00" end="17070.00" id="0" nVehContrib="0" flow="0.00" occupancy="0.00" speed="-1.00" length="-1.00" nVehEntered="0"/>
    <interval begin="17070.00" end="17100.00" id="0" nVehContrib="0" flow="0.00" occupancy="0.00" speed="-1.00" length="-1.00" nVehEntered="0"/>
    <interval begin="17100.00" end="17130.00" id="0" nVehContrib="0" flow="0.00" occupancy="0.00" speed="-1.00" length="-1.00" nVehEntered="0"/>
    <interval begin="17130.00" end="17160.00" id="0" nVehContrib="0" flow="0.00" occupancy="0.00" speed="-1.00" length="-1.00" nVehEntered="0"/>
    <interval begin="17160.00" end="17190.00" id="0" nVehContrib="0" flow="0.00" occupancy="0.00" speed="-1.00" length="-1.00" nVehEntered="0"/>
    <interval begin="17190.00" end="17220.00" id="0" nVehContrib="0" flow="0.00" occupancy="0.00" speed="-1.00" length="-1.00" nVehEntered="0"/>
    <interval begin="17220.00" end="17250.00" id="0" nVehContrib="0" flow="0.00" occupancy="0.00" speed="-1.00" length="-1.00" nVehEntered="0"/>
    <interval begin="17250.00" end="17280.00" id="0" nVehContrib="0" flow="0.00" occupancy="0.00" speed="-1.00" length="-1.00" nVehEntered="0"/>
    <interval begin="17280.00" end="17310.00" id="0" nVehContrib="0" flow="0.00" occupancy="0.00" speed="-1.00" length="-1.00" nVehEntered="0"/>
    <interval begin="17310.00" end="17340.00" id="0" nVehContrib="0" flow="0.00" occupancy="0.00" speed="-1.00" length="-1.00" nVehEntered="0"/>
    <interval begin="17340.00" end="17370.00" id="0" nVehContrib="0" flow="0.00" occupancy="0.00" speed="-1.00" length="-1.00" nVehEntered="0"/>
    <interval begin="17370.00" end="17400.00" id="0" nVehContrib="0" flow="0.00" occupancy="0.00" speed="-1.00" length="-1.00" nVehEntered="0"/>
    <interval begin="17400.00" end="17430.00" id="0" nVehContrib="0" flow="0.00" occupancy="0.00" speed="-1.00" length="-1.00" nVehEntered="0"/>
    <interval begin="17430.00" end="17460.00" id="0" nVehContrib="0" flow="0.00" occupancy="0.00" speed="-1.00" length="-1.00" nVehEntered="0"/>
    <interval begin="17460.00" end="17490.00" id="0" nVehContrib="0" flow="0.00" occupancy="0.00" speed="-1.00" length="-1.00" nVehEntered="0"/>
    <interval begin="17490.00" end="17520.00" id="0" nVehContrib="0" flow="0.00" occupancy="0.00" speed="-1.00" length="-1.00" nVehEntered="0"/>
    <interval begin="17520.00" end="17550.00" id="0" nVehContrib="0" flow="0.00" occupancy="0.00" speed="-1.00" length="-1.00" nVehEntered="0"/>
    <interval begin="17550.00" end="17580.00" id="0" nVehContrib="0" flow="0.00" occupancy="0.00" speed="-1.00" length="-1.00" nVehEntered="0"/>
    <interval begin="17580.00" end="17610.00" id="0" nVehContrib="0" flow="0.00" occupancy="0.00" speed="-1.00" length="-1.00" nVehEntered="0"/>
    <interval begin="17610.00" end="17640.00" id="0" nVehContrib="0" flow="0.00" occupancy="0.00" speed="-1.00" length="-1.00" nVehEntered="0"/>
    <interval begin="17640.00" end="17670.00" id="0" nVehContrib="0" flow="0.00" occupancy="0.00" speed="-1.00" length="-1.00" nVehEntered="0"/>
    <interval begin="17670.00" end="17700.00" id="0" nVehContrib="0" flow="0.00" occupancy="0.00" speed="-1.00" length="-1.00" nVehEntered="0"/>
    <interval begin="17700.00" end="17730.00" id="0" nVehContrib="0" flow="0.00" occupancy="0.00" speed="-1.00" length="-1.00" nVehEntered="0"/>
    <interval begin="17730.00" end="17760.00" id="0" nVehContrib="0" flow="0.00" occupancy="0.00" speed="-1.00" length="-1.00" nVehEntered="0"/>
    <interval begin="17760.00" end="17790.00" id="0" nVehContrib="0" flow="0.00" occupancy="0.00" speed="-1.00" length="-1.00" nVehEntered="0"/>
    <interval begin="17790.00" end="17820.00" id="0" nVehContrib="0" flow="0.00" occupancy="0.00" speed="-1.00" length="-1.00" nVehEntered="0"/>
    <interval begin="17820.00" end="17850.00" id="0" nVehContrib="0" flow="0.00" occupancy="0.00" speed="-1.00" length="-1.00" nVehEntered="0"/>
    <interval begin="17850.00" end="17880.00" id="0" nVehContrib="0" flow="0.00" occupancy="0.00" speed="-1.00" length="-1.00" nVehEntered="0"/>
    <interval begin="17880.00" end="17910.00" id="0" nVehContrib="0" flow="0.00" occupancy="0.00" speed="-1.00" length="-1.00" nVehEntered="0"/>
    <interval begin="17910.00" end="17940.00" id="0" nVehContrib="0" flow="0.00" occupancy="0.00" speed="-1.00" length="-1.00" nVehEntered="0"/>
    <interval begin="17940.00" end="17970.00" id="0" nVehContrib="0" flow="0.00" occupancy="0.00" speed="-1.00" length="-1.00" nVehEntered="0"/>
    <interval begin="17970.00" end="18000.00" id="0" nVehContrib="0" flow="0.00" occupancy="0.00" speed="-1.00" length="-1.00" nVehEntered="0"/>
    <interval begin="18000.00" end="18030.00" id="0" nVehContrib="0" flow="0.00" occupancy="0.00" speed="-1.00" length="-1.00" nVehEntered="0"/>
    <interval begin="18030.00" end="18060.00" id="0" nVehContrib="0" flow="0.00" occupancy="0.00" speed="-1.00" length="-1.00" nVehEntered="0"/>
    <interval begin="18060.00" end="18090.00" id="0" nVehContrib="0" flow="0.00" occupancy="0.00" speed="-1.00" length="-1.00" nVehEntered="0"/>
    <interval begin="18090.00" end="18120.00" id="0" nVehContrib="0" flow="0.00" occupancy="0.00" speed="-1.00" length="-1.00" nVehEntered="0"/>
    <interval begin="18120.00" end="18150.00" id="0" nVehContrib="0" flow="0.00" occupancy="0.00" speed="-1.00" length="-1.00" nVehEntered="0"/>
    <interval begin="18150.00" end="18180.00" id="0" nVehContrib="0" flow="0.00" occupancy="0.00" speed="-1.00" length="-1.00" nVehEntered="0"/>
    <interval begin="18180.00" end="18210.00" id="0" nVehContrib="0" flow="0.00" occupancy="0.00" speed="-1.00" length="-1.00" nVehEntered="0"/>
    <interval begin="18210.00" end="18240.00" id="0" nVehContrib="0" flow="0.00" occupancy="0.00" speed="-1.00" length="-1.00" nVehEntered="0"/>
    <interval begin="18240.00" end="18270.00" id="0" nVehContrib="0" flow="0.00" occupancy="0.00" speed="-1.00" length="-1.00" nVehEntered="0"/>
    <interval begin="18270.00" end="18300.00" id="0" nVehContrib="0" flow="0.00" occupancy="0.00" speed="-1.00" length="-1.00" nVehEntered="0"/>
    <interval begin="18300.00" end="18330.00" id="0" nVehContrib="0" flow="0.00" occupancy="0.00" speed="-1.00" length="-1.00" nVehEntered="0"/>
    <interval begin="18330.00" end="18360.00" id="0" nVehContrib="0" flow="0.00" occupancy="0.00" speed="-1.00" length="-1.00" nVehEntered="0"/>
    <interval begin="18360.00" end="18390.00" id="0" nVehContrib="0" flow="0.00" occupancy="0.00" speed="-1.00" length="-1.00" nVehEntered="0"/>
    <interval begin="18390.00" end="18420.00" id="0" nVehContrib="0" flow="0.00" occupancy="0.00" speed="-1.00" length="-1.00" nVehEntered="0"/>
    <interval begin="18420.00" end="18450.00" id="0" nVehContrib="0" flow="0.00" occupancy="0.00" speed="-1.00" length="-1.00" nVehEntered="0"/>
    <interval begin="18450.00" end="18480.00" id="0" nVehContrib="0" flow="0.00" occupancy="0.00" speed="-1.00" length="-1.00" nVehEntered="0"/>
    <interval begin="18480.00" end="18510.00" id="0" nVehContrib="0" flow="0.00" occupancy="0.00" speed="-1.00" length="-1.00" nVehEntered="0"/>
    <interval begin="18510.00" end="18540.00" id="0" nVehContrib="0" flow="0.00" occupancy="0.00" speed="-1.00" length="-1.00" nVehEntered="0"/>
    <interval begin="18540.00" end="18570.00" id="0" nVehContrib="0" flow="0.00" occupancy="0.00" speed="-1.00" length="-1.00" nVehEntered="0"/>
    <interval begin="18570.00" end="18600.00" id="0" nVehContrib="0" flow="0.00" occupancy="0.00" speed="-1.00" length="-1.00" nVehEntered="0"/>
    <interval begin="18600.00" end="18630.00" id="0" nVehContrib="0" flow="0.00" occupancy="0.00" speed="-1.00" length="-1.00" nVehEntered="0"/>
    <interval begin="18630.00" end="18660.00" id="0" nVehContrib="0" flow="0.00" occupancy="0.00" speed="-1.00" length="-1.00" nVehEntered="0"/>
    <interval begin="18660.00" end="18690.00" id="0" nVehContrib="0" flow="0.00" occupancy="0.00" speed="-1.00" length="-1.00" nVehEntered="0"/>
    <interval begin="18690.00" end="18720.00" id="0" nVehContrib="0" flow="0.00" occupancy="0.00" speed="-1.00" length="-1.00" nVehEntered="0"/>
    <interval begin="18720.00" end="18750.00" id="0" nVehContrib="0" flow="0.00" occupancy="0.00" speed="-1.00" length="-1.00" nVehEntered="0"/>
    <interval begin="18750.00" end="18780.00" id="0" nVehContrib="0" flow="0.00" occupancy="0.00" speed="-1.00" length="-1.00" nVehEntered="0"/>
    <interval begin="18780.00" end="18810.00" id="0" nVehContrib="0" flow="0.00" occupancy="0.00" speed="-1.00" length="-1.00" nVehEntered="0"/>
    <interval begin="18810.00" end="18840.00" id="0" nVehContrib="0" flow="0.00" occupancy="0.00" speed="-1.00" length="-1.00" nVehEntered="0"/>
    <interval begin="18840.00" end="18870.00" id="0" nVehContrib="0" flow="0.00" occupancy="0.00" speed="-1.00" length="-1.00" nVehEntered="0"/>
    <interval begin="18870.00" end="18900.00" id="0" nVehContrib="0" flow="0.00" occupancy="0.00" speed="-1.00" length="-1.00" nVehEntered="0"/>
    <interval begin="18900.00" end="18930.00" id="0" nVehContrib="0" flow="0.00" occupancy="0.00" speed="-1.00" length="-1.00" nVehEntered="0"/>
    <interval begin="18930.00" end="18960.00" id="0" nVehContrib="0" flow="0.00" occupancy="0.00" speed="-1.00" length="-1.00" nVehEntered="0"/>
    <interval begin="18960.00" end="18990.00" id="0" nVehContrib="0" flow="0.00" occupancy="0.00" speed="-1.00" length="-1.00" nVehEntered="0"/>
    <interval begin="18990.00" end="19020.00" id="0" nVehContrib="0" flow="0.00" occupancy="0.00" speed="-1.00" length="-1.00" nVehEntered="0"/>
    <interval begin="19020.00" end="19050.00" id="0" nVehContrib="0" flow="0.00" occupancy="0.00" speed="-1.00" length="-1.00" nVehEntered="0"/>
    <interval begin="19050.00" end="19080.00" id="0" nVehContrib="0" flow="0.00" occupancy="0.00" speed="-1.00" length="-1.00" nVehEntered="0"/>
    <interval begin="19080.00" end="19110.00" id="0" nVehContrib="0" flow="0.00" occupancy="0.00" speed="-1.00" length="-1.00" nVehEntered="0"/>
    <interval begin="19110.00" end="19140.00" id="0" nVehContrib="0" flow="0.00" occupancy="0.00" speed="-1.00" length="-1.00" nVehEntered="0"/>
    <interval begin="19140.00" end="19170.00" id="0" nVehContrib="0" flow="0.00" occupancy="0.00" speed="-1.00" length="-1.00" nVehEntered="0"/>
    <interval begin="19170.00" end="19200.00" id="0" nVehContrib="0" flow="0.00" occupancy="0.00" speed="-1.00" length="-1.00" nVehEntered="0"/>
    <interval begin="19200.00" end="19230.00" id="0" nVehContrib="0" flow="0.00" occupancy="0.00" speed="-1.00" length="-1.00" nVehEntered="0"/>
    <interval begin="19230.00" end="19260.00" id="0" nVehContrib="0" flow="0.00" occupancy="0.00" speed="-1.00" length="-1.00" nVehEntered="0"/>
    <interval begin="19260.00" end="19290.00" id="0" nVehContrib="0" flow="0.00" occupancy="0.00" speed="-1.00" length="-1.00" nVehEntered="0"/>
    <interval begin="19290.00" end="19320.00" id="0" nVehContrib="0" flow="0.00" occupancy="0.00" speed="-1.00" length="-1.00" nVehEntered="0"/>
    <interval begin="19320.00" end="19350.00" id="0" nVehContrib="0" flow="0.00" occupancy="0.00" speed="-1.00" length="-1.00" nVehEntered="0"/>
    <interval begin="19350.00" end="19380.00" id="0" nVehContrib="0" flow="0.00" occupancy="0.00" speed="-1.00" length="-1.00" nVehEntered="0"/>
    <interval begin="19380.00" end="19410.00" id="0" nVehContrib="0" flow="0.00" occupancy="0.00" speed="-1.00" length="-1.00" nVehEntered="0"/>
    <interval begin="19410.00" end="19440.00" id="0" nVehContrib="0" flow="0.00" occupancy="0.00" speed="-1.00" length="-1.00" nVehEntered="0"/>
    <interval begin="19440.00" end="19470.00" id="0" nVehContrib="0" flow="0.00" occupancy="0.00" speed="-1.00" length="-1.00" nVehEntered="0"/>
    <interval begin="19470.00" end="19500.00" id="0" nVehContrib="0" flow="0.00" occupancy="0.00" speed="-1.00" length="-1.00" nVehEntered="0"/>
    <interval begin="19500.00" end="19530.00" id="0" nVehContrib="0" flow="0.00" occupancy="0.00" speed="-1.00" length="-1.00" nVehEntered="0"/>
    <interval begin="19530.00" end="19560.00" id="0" nVehContrib="0" flow="0.00" occupancy="0.00" speed="-1.00" length="-1.00" nVehEntered="0"/>
    <interval begin="19560.00" end="19590.00" id="0" nVehContrib="0" flow="0.00" occupancy="0.00" speed="-1.00" length="-1.00" nVehEntered="0"/>
    <interval begin="19590.00" end="19620.00" id="0" nVehContrib="0" flow="0.00" occupancy="0.00" speed="-1.00" length="-1.00" nVehEntered="0"/>
    <interval begin="19620.00" end="19650.00" id="0" nVehContrib="0" flow="0.00" occupancy="0.00" speed="-1.00" length="-1.00" nVehEntered="0"/>
    <interval begin="19650.00" end="19680.00" id="0" nVehContrib="0" flow="0.00" occupancy="0.00" speed="-1.00" length="-1.00" nVehEntered="0"/>
    <interval begin="19680.00" end="19710.00" id="0" nVehContrib="0" flow="0.00" occupancy="0.00" speed="-1.00" length="-1.00" nVehEntered="0"/>
    <interval begin="19710.00" end="19740.00" id="0" nVehContrib="0" flow="0.00" occupancy="0.00" speed="-1.00" length="-1.00" nVehEntered="0"/>
    <interval begin="19740.00" end="19770.00" id="0" nVehContrib="0" flow="0.00" occupancy="0.00" speed="-1.00" length="-1.00" nVehEntered="0"/>
    <interval begin="19770.00" end="19800.00" id="0" nVehContrib="0" flow="0.00" occupancy="0.00" speed="-1.00" length="-1.00" nVehEntered="0"/>
    <interval begin="19800.00" end="19830.00" id="0" nVehContrib="0" flow="0.00" occupancy="0.00" speed="-1.00" length="-1.00" nVehEntered="0"/>
    <interval begin="19830.00" end="19860.00" id="0" nVehContrib="0" flow="0.00" occupancy="0.00" speed="-1.00" length="-1.00" nVehEntered="0"/>
    <interval begin="19860.00" end="19890.00" id="0" nVehContrib="0" flow="0.00" occupancy="0.00" speed="-1.00" length="-1.00" nVehEntered="0"/>
    <interval begin="19890.00" end="19920.00" id="0" nVehContrib="0" flow="0.00" occupancy="0.00" speed="-1.00" length="-1.00" nVehEntered="0"/>
    <interval begin="19920.00" end="19950.00" id="0" nVehContrib="0" flow="0.00" occupancy="0.00" speed="-1.00" length="-1.00" nVehEntered="0"/>
    <interval begin="19950.00" end="19980.00" id="0" nVehContrib="0" flow="0.00" occupancy="0.00" speed="-1.00" length="-1.00" nVehEntered="0"/>
    <interval begin="19980.00" end="20010.00" id="0" nVehContrib="0" flow="0.00" occupancy="0.00" speed="-1.00" length="-1.00" nVehEntered="0"/>
    <interval begin="20010.00" end="20040.00" id="0" nVehContrib="0" flow="0.00" occupancy="0.00" speed="-1.00" length="-1.00" nVehEntered="0"/>
    <interval begin="20040.00" end="20070.00" id="0" nVehContrib="0" flow="0.00" occupancy="0.00" speed="-1.00" length="-1.00" nVehEntered="0"/>
    <interval begin="20070.00" end="20100.00" id="0" nVehContrib="0" flow="0.00" occupancy="0.00" speed="-1.00" length="-1.00" nVehEntered="0"/>
    <interval begin="20100.00" end="20130.00" id="0" nVehContrib="0" flow="0.00" occupancy="0.00" speed="-1.00" length="-1.00" nVehEntered="0"/>
    <interval begin="20130.00" end="20160.00" id="0" nVehContrib="0" flow="0.00" occupancy="0.00" speed="-1.00" length="-1.00" nVehEntered="0"/>
    <interval begin="20160.00" end="20190.00" id="0" nVehContrib="0" flow="0.00" occupancy="0.00" speed="-1.00" length="-1.00" nVehEntered="0"/>
    <interval begin="20190.00" end="20220.00" id="0" nVehContrib="0" flow="0.00" occupancy="0.00" speed="-1.00" length="-1.00" nVehEntered="0"/>
    <interval begin="20220.00" end="20250.00" id="0" nVehContrib="0" flow="0.00" occupancy="0.00" speed="-1.00" length="-1.00" nVehEntered="0"/>
    <interval begin="20250.00" end="20280.00" id="0" nVehContrib="0" flow="0.00" occupancy="0.00" speed="-1.00" length="-1.00" nVehEntered="0"/>
    <interval begin="20280.00" end="20310.00" id="0" nVehContrib="0" flow="0.00" occupancy="0.00" speed="-1.00" length="-1.00" nVehEntered="0"/>
    <interval begin="20310.00" end="20340.00" id="0" nVehContrib="0" flow="0.00" occupancy="0.00" speed="-1.00" length="-1.00" nVehEntered="0"/>
    <interval begin="20340.00" end="2nd="20370.00" id="0" nVehContrib="0" flow="0.00" occupancy="0.00" speed="-1.00" length="-1.00" nVehEntered="0"/>
    <interval begin="20370.00" end="20400.00" id="0" nVehContrib="0" flow="0.00" occupancy="0.00" speed="-1.00" length="-1.00" nVehEntered="0"/>
    <interval begin="20400.00" end="20430.00" id="0" nVehContrib="0" flow="0.00" occupancy="0.00" speed="-1.00" length="-1.00" nVehEntered="0"/>
</detector>
